<?xml version="1.0" encoding="UTF-8"?>
<testsuite xmlns:xsi="http://www.w3.org/2001/XMLSchema-instance" xsi:schemaLocation="https://maven.apache.org/surefire/maven-surefire-plugin/xsd/surefire-test-report.xsd" name="TestSuite" time="581.18" tests="4" errors="0" skipped="0" failures="4">
  <properties>
[...]
</properties>
  <testcase name="feature" classname="com.cucumber.framework.runner.SearchFeatureRunner" time="340.082">
    <failure message="org.openqa.selenium.remote.UnreachableBrowserException: Could not start a new session. Possible causes are invalid address of the remote server or browser start-up failure.&#10;Build info: version: &apos;2.53.1&apos;, revision: &apos;a36b8b1cd5757287168e54b817830adce9b0158d&apos;, time: &apos;2016-06-30 19:26:09&apos;&#10;System info: host: &apos;Ajit-PC&apos;, ip: &apos;192.168.0.109&apos;, os.name: &apos;Windows 10&apos;, os.arch: &apos;amd64&apos;, os.version: &apos;10.0&apos;, java.version: &apos;1.8.0_131&apos;&#10;Driver info: driver.version: PhantomJSDriver" type="cucumber.runtime.CucumberException">cucumber.runtime.CucumberException: 
org.openqa.selenium.remote.UnreachableBrowserException: Could not start a new session. Possible causes are invalid address of the remote server or browser start-up failure.
Build info: version: '2.53.1', revision: 'a36b8b1cd5757287168e54b817830adce9b0158d', time: '2016-06-30 19:26:09'
System info: host: 'Ajit-PC', ip: '192.168.0.109', os.name: 'Windows 10', os.arch: 'amd64', os.version: '10.0', java.version: '1.8.0_131'
Driver info: driver.version: PhantomJSDriver
Caused by: org.openqa.selenium.remote.UnreachableBrowserException: 
Could not start a new session. Possible causes are invalid address of the remote server or browser start-up failure.
Build info: version: '2.53.1', revision: 'a36b8b1cd5757287168e54b817830adce9b0158d', time: '2016-06-30 19:26:09'
System info: host: 'Ajit-PC', ip: '192.168.0.109', os.name: 'Windows 10', os.arch: 'amd64', os.version: '10.0', java.version: '1.8.0_131'
Driver info: driver.version: PhantomJSDriver
Caused by: java.lang.IllegalStateException: The process has not exited yet therefore no result is available ...
</failure>
    <system-out><![CDATA[Feature: Search feature of the web page
2018-03-13 23:23:31 [INFO ] [InitializeWebDrive] - [standAloneStepUp] PhantomJs
&amp#27;[31mFailure in before hook:&amp#27;[0m&amp#27;[31mInitializeWebDrive.before()&amp#27;[0m
&amp#27;[31mMessage: &amp#27;[0m&amp#27;[31morg.openqa.selenium.remote.UnreachableBrowserException: Could not start a new session. Possible causes are invalid address of the remote server or browser start-up failure.
Build info: version: '2.53.1', revision: 'a36b8b1cd5757287168e54b817830adce9b0158d', time: '2016-06-30 19:26:09'
System info: host: 'Ajit-PC', ip: '192.168.0.109', os.name: 'Windows 10', os.arch: 'amd64', os.version: '10.0', java.version: '1.8.0_131'
Driver info: driver.version: PhantomJSDriver
	at org.openqa.selenium.remote.RemoteWebDriver.execute(RemoteWebDriver.java:665)
	at org.openqa.selenium.remote.RemoteWebDriver.startSession(RemoteWebDriver.java:249)
	at org.openqa.selenium.remote.RemoteWebDriver.<init>(RemoteWebDriver.java:131)
	at org.openqa.selenium.remote.RemoteWebDriver.<init>(RemoteWebDriver.java:144)
	at org.openqa.selenium.phantomjs.PhantomJSDriver.<init>(PhantomJSDriver.java:116)
	at com.cucumber.framework.configuration.browser.PhantomJsBrowser.getPhantomJsDriver(PhantomJsBrowser.java:53)
	at com.cucumber.framework.helper.InitializeWebDrive.standAloneStepUp(InitializeWebDrive.java:71)
	at com.cucumber.framework.helper.InitializeWebDrive.setUpDriver(InitializeWebDrive.java:146)
	at com.cucumber.framework.helper.InitializeWebDrive.before(InitializeWebDrive.java:87)
	at sun.reflect.NativeMethodAccessorImpl.invoke0(Native Method)
	at sun.reflect.NativeMethodAccessorImpl.invoke(NativeMethodAccessorImpl.java:62)
	at sun.reflect.DelegatingMethodAccessorImpl.invoke(DelegatingMethodAccessorImpl.java:43)
	at java.lang.reflect.Method.invoke(Method.java:498)
	at cucumber.runtime.Utils$1.call(Utils.java:37)
	at cucumber.runtime.Timeout.timeout(Timeout.java:13)
	at cucumber.runtime.Utils.invoke(Utils.java:31)
	at cucumber.runtime.java.JavaHookDefinition.execute(JavaHookDefinition.java:60)
	at cucumber.runtime.Runtime.runHookIfTagsMatch(Runtime.java:223)
	at cucumber.runtime.Runtime.runHooks(Runtime.java:211)
	at cucumber.runtime.Runtime.runBeforeHooks(Runtime.java:201)
	at cucumber.runtime.model.CucumberScenario.run(CucumberScenario.java:40)
	at cucumber.runtime.model.CucumberFeature.run(CucumberFeature.java:165)
	at cucumber.api.testng.TestNGCucumberRunner.runCucumber(TestNGCucumberRunner.java:63)
	at cucumber.api.testng.AbstractTestNGCucumberTests.feature(AbstractTestNGCucumberTests.java:21)
	at sun.reflect.NativeMethodAccessorImpl.invoke0(Native Method)
	at sun.reflect.NativeMethodAccessorImpl.invoke(NativeMethodAccessorImpl.java:62)
	at sun.reflect.DelegatingMethodAccessorImpl.invoke(DelegatingMethodAccessorImpl.java:43)
	at java.lang.reflect.Method.invoke(Method.java:498)
	at org.testng.internal.MethodInvocationHelper.invokeMethod(MethodInvocationHelper.java:86)
	at org.testng.internal.Invoker.invokeMethod(Invoker.java:643)
	at org.testng.internal.Invoker.invokeTestMethod(Invoker.java:820)
	at org.testng.internal.Invoker.invokeTestMethods(Invoker.java:1128)
	at org.testng.internal.TestMethodWorker.invokeTestMethods(TestMethodWorker.java:129)
	at org.testng.internal.TestMethodWorker.run(TestMethodWorker.java:112)
	at org.testng.TestRunner.privateRun(TestRunner.java:782)
	at org.testng.TestRunner.run(TestRunner.java:632)
	at org.testng.SuiteRunner.runTest(SuiteRunner.java:366)
	at org.testng.SuiteRunner.runSequentially(SuiteRunner.java:361)
	at org.testng.SuiteRunner.privateRun(SuiteRunner.java:319)
	at org.testng.SuiteRunner.run(SuiteRunner.java:268)
	at org.testng.SuiteRunnerWorker.runSuite(SuiteRunnerWorker.java:52)
	at org.testng.SuiteRunnerWorker.run(SuiteRunnerWorker.java:86)
	at org.testng.TestNG.runSuitesSequentially(TestNG.java:1244)
	at org.testng.TestNG.runSuitesLocally(TestNG.java:1169)
	at org.testng.TestNG.run(TestNG.java:1064)
	at org.apache.maven.surefire.testng.TestNGExecutor.run(TestNGExecutor.java:281)
	at org.apache.maven.surefire.testng.TestNGXmlTestSuite.execute(TestNGXmlTestSuite.java:75)
	at org.apache.maven.surefire.testng.TestNGProvider.invoke(TestNGProvider.java:121)
	at org.apache.maven.surefire.booter.ForkedBooter.invokeProviderInSameClassLoader(ForkedBooter.java:290)
	at org.apache.maven.surefire.booter.ForkedBooter.runSuitesInProcess(ForkedBooter.java:242)
	at org.apache.maven.surefire.booter.ForkedBooter.main(ForkedBooter.java:121)
Caused by: java.lang.IllegalStateException: The process has not exited yet therefore no result is available ...
	at org.apache.commons.exec.DefaultExecuteResultHandler.getException(DefaultExecuteResultHandler.java:76)
	at org.openqa.selenium.os.UnixProcess.checkForError(UnixProcess.java:171)
	at org.openqa.selenium.os.CommandLine.checkForError(CommandLine.java:185)
	at org.openqa.selenium.remote.service.DriverService.waitUntilAvailable(DriverService.java:177)
	at org.openqa.selenium.remote.service.DriverService.start(DriverService.java:166)
	at org.openqa.selenium.phantomjs.PhantomJSCommandExecutor.execute(PhantomJSCommandExecutor.java:78)
	at org.openqa.selenium.remote.RemoteWebDriver.execute(RemoteWebDriver.java:644)
	... 50 more
&amp#27;[0m
      &amp#27;[31morg.openqa.selenium.remote.UnreachableBrowserException: Could not start a new session. Possible causes are invalid address of the remote server or browser start-up failure.
      Build info: version: '2.53.1', revision: 'a36b8b1cd5757287168e54b817830adce9b0158d', time: '2016-06-30 19:26:09'
      System info: host: 'Ajit-PC', ip: '192.168.0.109', os.name: 'Windows 10', os.arch: 'amd64', os.version: '10.0', java.version: '1.8.0_131'
      Driver info: driver.version: PhantomJSDriver
      	at org.openqa.selenium.remote.RemoteWebDriver.execute(RemoteWebDriver.java:665)
      	at org.openqa.selenium.remote.RemoteWebDriver.startSession(RemoteWebDriver.java:249)
      	at org.openqa.selenium.remote.RemoteWebDriver.<init>(RemoteWebDriver.java:131)
      	at org.openqa.selenium.remote.RemoteWebDriver.<init>(RemoteWebDriver.java:144)
      	at org.openqa.selenium.phantomjs.PhantomJSDriver.<init>(PhantomJSDriver.java:116)
      	at com.cucumber.framework.configuration.browser.PhantomJsBrowser.getPhantomJsDriver(PhantomJsBrowser.java:53)
      	at com.cucumber.framework.helper.InitializeWebDrive.standAloneStepUp(InitializeWebDrive.java:71)
      	at com.cucumber.framework.helper.InitializeWebDrive.setUpDriver(InitializeWebDrive.java:146)
      	at com.cucumber.framework.helper.InitializeWebDrive.before(InitializeWebDrive.java:87)
      	at sun.reflect.NativeMethodAccessorImpl.invoke0(Native Method)
      	at sun.reflect.NativeMethodAccessorImpl.invoke(NativeMethodAccessorImpl.java:62)
      	at sun.reflect.DelegatingMethodAccessorImpl.invoke(DelegatingMethodAccessorImpl.java:43)
      	at java.lang.reflect.Method.invoke(Method.java:498)
      	at cucumber.runtime.Utils$1.call(Utils.java:37)
      	at cucumber.runtime.Timeout.timeout(Timeout.java:13)
      	at cucumber.runtime.Utils.invoke(Utils.java:31)
      	at cucumber.runtime.java.JavaHookDefinition.execute(JavaHookDefinition.java:60)
      	at cucumber.runtime.Runtime.runHookIfTagsMatch(Runtime.java:223)
      	at cucumber.runtime.Runtime.runHooks(Runtime.java:211)
      	at cucumber.runtime.Runtime.runBeforeHooks(Runtime.java:201)
      	at cucumber.runtime.model.CucumberScenario.run(CucumberScenario.java:40)
      	at cucumber.runtime.model.CucumberFeature.run(CucumberFeature.java:165)
      	at cucumber.api.testng.TestNGCucumberRunner.runCucumber(TestNGCucumberRunner.java:63)
      	at cucumber.api.testng.AbstractTestNGCucumberTests.feature(AbstractTestNGCucumberTests.java:21)
      	at sun.reflect.NativeMethodAccessorImpl.invoke0(Native Method)
      	at sun.reflect.NativeMethodAccessorImpl.invoke(NativeMethodAccessorImpl.java:62)
      	at sun.reflect.DelegatingMethodAccessorImpl.invoke(DelegatingMethodAccessorImpl.java:43)
      	at java.lang.reflect.Method.invoke(Method.java:498)
      	at org.testng.internal.MethodInvocationHelper.invokeMethod(MethodInvocationHelper.java:86)
      	at org.testng.internal.Invoker.invokeMethod(Invoker.java:643)
      	at org.testng.internal.Invoker.invokeTestMethod(Invoker.java:820)
      	at org.testng.internal.Invoker.invokeTestMethods(Invoker.java:1128)
      	at org.testng.internal.TestMethodWorker.invokeTestMethods(TestMethodWorker.java:129)
      	at org.testng.internal.TestMethodWorker.run(TestMethodWorker.java:112)
      	at org.testng.TestRunner.privateRun(TestRunner.java:782)
      	at org.testng.TestRunner.run(TestRunner.java:632)
      	at org.testng.SuiteRunner.runTest(SuiteRunner.java:366)
      	at org.testng.SuiteRunner.runSequentially(SuiteRunner.java:361)
      	at org.testng.SuiteRunner.privateRun(SuiteRunner.java:319)
      	at org.testng.SuiteRunner.run(SuiteRunner.java:268)
      	at org.testng.SuiteRunnerWorker.runSuite(SuiteRunnerWorker.java:52)
      	at org.testng.SuiteRunnerWorker.run(SuiteRunnerWorker.java:86)
      	at org.testng.TestNG.runSuitesSequentially(TestNG.java:1244)
      	at org.testng.TestNG.runSuitesLocally(TestNG.java:1169)
      	at org.testng.TestNG.run(TestNG.java:1064)
      	at org.apache.maven.surefire.testng.TestNGExecutor.run(TestNGExecutor.java:281)
      	at org.apache.maven.surefire.testng.TestNGXmlTestSuite.execute(TestNGXmlTestSuite.java:75)
      	at org.apache.maven.surefire.testng.TestNGProvider.invoke(TestNGProvider.java:121)
      	at org.apache.maven.surefire.booter.ForkedBooter.invokeProviderInSameClassLoader(ForkedBooter.java:290)
      	at org.apache.maven.surefire.booter.ForkedBooter.runSuitesInProcess(ForkedBooter.java:242)
      	at org.apache.maven.surefire.booter.ForkedBooter.main(ForkedBooter.java:121)
      Caused by: java.lang.IllegalStateException: The process has not exited yet therefore no result is available ...
      	at org.apache.commons.exec.DefaultExecuteResultHandler.getException(DefaultExecuteResultHandler.java:76)
      	at org.openqa.selenium.os.UnixProcess.checkForError(UnixProcess.java:171)
      	at org.openqa.selenium.os.CommandLine.checkForError(CommandLine.java:185)
      	at org.openqa.selenium.remote.service.DriverService.waitUntilAvailable(DriverService.java:177)
      	at org.openqa.selenium.remote.service.DriverService.start(DriverService.java:166)
      	at org.openqa.selenium.phantomjs.PhantomJSCommandExecutor.execute(PhantomJSCommandExecutor.java:78)
      	at org.openqa.selenium.remote.RemoteWebDriver.execute(RemoteWebDriver.java:644)
      	... 50 more
      &amp#27;[0m
2018-03-13 23:26:02 [INFO ] [InitializeWebDrive] - [after] 
2018-03-13 23:26:02 [INFO ] [InitializeWebDrive] - [standAloneStepUp] PhantomJs
&amp#27;[31mFailure in before hook:&amp#27;[0m&amp#27;[31mInitializeWebDrive.before()&amp#27;[0m
&amp#27;[31mMessage: &amp#27;[0m&amp#27;[31morg.openqa.selenium.remote.UnreachableBrowserException: Could not start a new session. Possible causes are invalid address of the remote server or browser start-up failure.
Build info: version: '2.53.1', revision: 'a36b8b1cd5757287168e54b817830adce9b0158d', time: '2016-06-30 19:26:09'
System info: host: 'Ajit-PC', ip: '192.168.0.109', os.name: 'Windows 10', os.arch: 'amd64', os.version: '10.0', java.version: '1.8.0_131'
Driver info: driver.version: PhantomJSDriver
	at org.openqa.selenium.remote.RemoteWebDriver.execute(RemoteWebDriver.java:665)
	at org.openqa.selenium.remote.RemoteWebDriver.startSession(RemoteWebDriver.java:249)
	at org.openqa.selenium.remote.RemoteWebDriver.<init>(RemoteWebDriver.java:131)
	at org.openqa.selenium.remote.RemoteWebDriver.<init>(RemoteWebDriver.java:144)
	at org.openqa.selenium.phantomjs.PhantomJSDriver.<init>(PhantomJSDriver.java:116)
	at com.cucumber.framework.configuration.browser.PhantomJsBrowser.getPhantomJsDriver(PhantomJsBrowser.java:53)
	at com.cucumber.framework.helper.InitializeWebDrive.standAloneStepUp(InitializeWebDrive.java:71)
	at com.cucumber.framework.helper.InitializeWebDrive.setUpDriver(InitializeWebDrive.java:146)
	at com.cucumber.framework.helper.InitializeWebDrive.before(InitializeWebDrive.java:87)
	at sun.reflect.NativeMethodAccessorImpl.invoke0(Native Method)
	at sun.reflect.NativeMethodAccessorImpl.invoke(NativeMethodAccessorImpl.java:62)
	at sun.reflect.DelegatingMethodAccessorImpl.invoke(DelegatingMethodAccessorImpl.java:43)
	at java.lang.reflect.Method.invoke(Method.java:498)
	at cucumber.runtime.Utils$1.call(Utils.java:37)
	at cucumber.runtime.Timeout.timeout(Timeout.java:13)
	at cucumber.runtime.Utils.invoke(Utils.java:31)
	at cucumber.runtime.java.JavaHookDefinition.execute(JavaHookDefinition.java:60)
	at cucumber.runtime.Runtime.runHookIfTagsMatch(Runtime.java:223)
	at cucumber.runtime.Runtime.runHooks(Runtime.java:211)
	at cucumber.runtime.Runtime.runBeforeHooks(Runtime.java:201)
	at cucumber.runtime.model.CucumberScenario.run(CucumberScenario.java:40)
	at cucumber.runtime.model.CucumberFeature.run(CucumberFeature.java:165)
	at cucumber.api.testng.TestNGCucumberRunner.runCucumber(TestNGCucumberRunner.java:63)
	at cucumber.api.testng.AbstractTestNGCucumberTests.feature(AbstractTestNGCucumberTests.java:21)
	at sun.reflect.NativeMethodAccessorImpl.invoke0(Native Method)
	at sun.reflect.NativeMethodAccessorImpl.invoke(NativeMethodAccessorImpl.java:62)
	at sun.reflect.DelegatingMethodAccessorImpl.invoke(DelegatingMethodAccessorImpl.java:43)
	at java.lang.reflect.Method.invoke(Method.java:498)
	at org.testng.internal.MethodInvocationHelper.invokeMethod(MethodInvocationHelper.java:86)
	at org.testng.internal.Invoker.invokeMethod(Invoker.java:643)
	at org.testng.internal.Invoker.invokeTestMethod(Invoker.java:820)
	at org.testng.internal.Invoker.invokeTestMethods(Invoker.java:1128)
	at org.testng.internal.TestMethodWorker.invokeTestMethods(TestMethodWorker.java:129)
	at org.testng.internal.TestMethodWorker.run(TestMethodWorker.java:112)
	at org.testng.TestRunner.privateRun(TestRunner.java:782)
	at org.testng.TestRunner.run(TestRunner.java:632)
	at org.testng.SuiteRunner.runTest(SuiteRunner.java:366)
	at org.testng.SuiteRunner.runSequentially(SuiteRunner.java:361)
	at org.testng.SuiteRunner.privateRun(SuiteRunner.java:319)
	at org.testng.SuiteRunner.run(SuiteRunner.java:268)
	at org.testng.SuiteRunnerWorker.runSuite(SuiteRunnerWorker.java:52)
	at org.testng.SuiteRunnerWorker.run(SuiteRunnerWorker.java:86)
	at org.testng.TestNG.runSuitesSequentially(TestNG.java:1244)
	at org.testng.TestNG.runSuitesLocally(TestNG.java:1169)
	at org.testng.TestNG.run(TestNG.java:1064)
	at org.apache.maven.surefire.testng.TestNGExecutor.run(TestNGExecutor.java:281)
	at org.apache.maven.surefire.testng.TestNGXmlTestSuite.execute(TestNGXmlTestSuite.java:75)
	at org.apache.maven.surefire.testng.TestNGProvider.invoke(TestNGProvider.java:121)
	at org.apache.maven.surefire.booter.ForkedBooter.invokeProviderInSameClassLoader(ForkedBooter.java:290)
	at org.apache.maven.surefire.booter.ForkedBooter.runSuitesInProcess(ForkedBooter.java:242)
	at org.apache.maven.surefire.booter.ForkedBooter.main(ForkedBooter.java:121)
Caused by: java.lang.IllegalStateException: The process has not exited yet therefore no result is available ...
	at org.apache.commons.exec.DefaultExecuteResultHandler.getException(DefaultExecuteResultHandler.java:76)
	at org.openqa.selenium.os.UnixProcess.checkForError(UnixProcess.java:171)
	at org.openqa.selenium.os.CommandLine.checkForError(CommandLine.java:185)
	at org.openqa.selenium.remote.service.DriverService.waitUntilAvailable(DriverService.java:177)
	at org.openqa.selenium.remote.service.DriverService.start(DriverService.java:166)
	at org.openqa.selenium.phantomjs.PhantomJSCommandExecutor.execute(PhantomJSCommandExecutor.java:78)
	at org.openqa.selenium.remote.RemoteWebDriver.execute(RemoteWebDriver.java:644)
	... 50 more
&amp#27;[0m
      &amp#27;[31morg.openqa.selenium.remote.UnreachableBrowserException: Could not start a new session. Possible causes are invalid address of the remote server or browser start-up failure.
      Build info: version: '2.53.1', revision: 'a36b8b1cd5757287168e54b817830adce9b0158d', time: '2016-06-30 19:26:09'
      System info: host: 'Ajit-PC', ip: '192.168.0.109', os.name: 'Windows 10', os.arch: 'amd64', os.version: '10.0', java.version: '1.8.0_131'
      Driver info: driver.version: PhantomJSDriver
      	at org.openqa.selenium.remote.RemoteWebDriver.execute(RemoteWebDriver.java:665)
      	at org.openqa.selenium.remote.RemoteWebDriver.startSession(RemoteWebDriver.java:249)
      	at org.openqa.selenium.remote.RemoteWebDriver.<init>(RemoteWebDriver.java:131)
      	at org.openqa.selenium.remote.RemoteWebDriver.<init>(RemoteWebDriver.java:144)
      	at org.openqa.selenium.phantomjs.PhantomJSDriver.<init>(PhantomJSDriver.java:116)
      	at com.cucumber.framework.configuration.browser.PhantomJsBrowser.getPhantomJsDriver(PhantomJsBrowser.java:53)
      	at com.cucumber.framework.helper.InitializeWebDrive.standAloneStepUp(InitializeWebDrive.java:71)
      	at com.cucumber.framework.helper.InitializeWebDrive.setUpDriver(InitializeWebDrive.java:146)
      	at com.cucumber.framework.helper.InitializeWebDrive.before(InitializeWebDrive.java:87)
      	at sun.reflect.NativeMethodAccessorImpl.invoke0(Native Method)
      	at sun.reflect.NativeMethodAccessorImpl.invoke(NativeMethodAccessorImpl.java:62)
      	at sun.reflect.DelegatingMethodAccessorImpl.invoke(DelegatingMethodAccessorImpl.java:43)
      	at java.lang.reflect.Method.invoke(Method.java:498)
      	at cucumber.runtime.Utils$1.call(Utils.java:37)
      	at cucumber.runtime.Timeout.timeout(Timeout.java:13)
      	at cucumber.runtime.Utils.invoke(Utils.java:31)
      	at cucumber.runtime.java.JavaHookDefinition.execute(JavaHookDefinition.java:60)
      	at cucumber.runtime.Runtime.runHookIfTagsMatch(Runtime.java:223)
      	at cucumber.runtime.Runtime.runHooks(Runtime.java:211)
      	at cucumber.runtime.Runtime.runBeforeHooks(Runtime.java:201)
      	at cucumber.runtime.model.CucumberScenario.run(CucumberScenario.java:40)
      	at cucumber.runtime.model.CucumberFeature.run(CucumberFeature.java:165)
      	at cucumber.api.testng.TestNGCucumberRunner.runCucumber(TestNGCucumberRunner.java:63)
      	at cucumber.api.testng.AbstractTestNGCucumberTests.feature(AbstractTestNGCucumberTests.java:21)
      	at sun.reflect.NativeMethodAccessorImpl.invoke0(Native Method)
      	at sun.reflect.NativeMethodAccessorImpl.invoke(NativeMethodAccessorImpl.java:62)
      	at sun.reflect.DelegatingMethodAccessorImpl.invoke(DelegatingMethodAccessorImpl.java:43)
      	at java.lang.reflect.Method.invoke(Method.java:498)
      	at org.testng.internal.MethodInvocationHelper.invokeMethod(MethodInvocationHelper.java:86)
      	at org.testng.internal.Invoker.invokeMethod(Invoker.java:643)
      	at org.testng.internal.Invoker.invokeTestMethod(Invoker.java:820)
      	at org.testng.internal.Invoker.invokeTestMethods(Invoker.java:1128)
      	at org.testng.internal.TestMethodWorker.invokeTestMethods(TestMethodWorker.java:129)
      	at org.testng.internal.TestMethodWorker.run(TestMethodWorker.java:112)
      	at org.testng.TestRunner.privateRun(TestRunner.java:782)
      	at org.testng.TestRunner.run(TestRunner.java:632)
      	at org.testng.SuiteRunner.runTest(SuiteRunner.java:366)
      	at org.testng.SuiteRunner.runSequentially(SuiteRunner.java:361)
      	at org.testng.SuiteRunner.privateRun(SuiteRunner.java:319)
      	at org.testng.SuiteRunner.run(SuiteRunner.java:268)
      	at org.testng.SuiteRunnerWorker.runSuite(SuiteRunnerWorker.java:52)
      	at org.testng.SuiteRunnerWorker.run(SuiteRunnerWorker.java:86)
      	at org.testng.TestNG.runSuitesSequentially(TestNG.java:1244)
      	at org.testng.TestNG.runSuitesLocally(TestNG.java:1169)
      	at org.testng.TestNG.run(TestNG.java:1064)
      	at org.apache.maven.surefire.testng.TestNGExecutor.run(TestNGExecutor.java:281)
      	at org.apache.maven.surefire.testng.TestNGXmlTestSuite.execute(TestNGXmlTestSuite.java:75)
      	at org.apache.maven.surefire.testng.TestNGProvider.invoke(TestNGProvider.java:121)
      	at org.apache.maven.surefire.booter.ForkedBooter.invokeProviderInSameClassLoader(ForkedBooter.java:290)
      	at org.apache.maven.surefire.booter.ForkedBooter.runSuitesInProcess(ForkedBooter.java:242)
      	at org.apache.maven.surefire.booter.ForkedBooter.main(ForkedBooter.java:121)
      Caused by: java.lang.IllegalStateException: The process has not exited yet therefore no result is available ...
      	at org.apache.commons.exec.DefaultExecuteResultHandler.getException(DefaultExecuteResultHandler.java:76)
      	at org.openqa.selenium.os.UnixProcess.checkForError(UnixProcess.java:171)
      	at org.openqa.selenium.os.CommandLine.checkForError(CommandLine.java:185)
      	at org.openqa.selenium.remote.service.DriverService.waitUntilAvailable(DriverService.java:177)
      	at org.openqa.selenium.remote.service.DriverService.start(DriverService.java:166)
      	at org.openqa.selenium.phantomjs.PhantomJSCommandExecutor.execute(PhantomJSCommandExecutor.java:78)
      	at org.openqa.selenium.remote.RemoteWebDriver.execute(RemoteWebDriver.java:644)
      	... 50 more
      &amp#27;[0m

  Scenario: Search based on laptops                                 &amp#27;[90m# featurefile/Search.feature:3&amp#27;[0m
    &amp#27;[36mGiven &amp#27;[0m&amp#27;[36m: I am at the home page&amp#27;[0m                                   &amp#27;[90m# SearchStepDfn._i_am_at_the_home_page()&amp#27;[0m
    &amp#27;[36mWhen &amp#27;[0m&amp#27;[36m: I click on the "&amp#27;[0m&amp#27;[36m&amp#27;[1mLaptops&amp#27;[0m&amp#27;[36m" search filter&amp#27;[0m                   &amp#27;[90m# SearchStepDfn._i_click_on_the_something_search_filter(String)&amp#27;[0m
    &amp#27;[36mThen &amp#27;[0m&amp#27;[36m: I should be at the "&amp#27;[0m&amp#27;[36m&amp#27;[1mLaptops&amp#27;[0m&amp#27;[36m" search page with "&amp#27;[0m&amp#27;[36m&amp#27;[1m35 items&amp#27;[0m&amp#27;[36m"&amp#27;[0m &amp#27;[90m# SearchStepDfn._i_should_be_at_the_something_search_page_with_something(String,String)&amp#27;[0m
    &amp#27;[36mAnd &amp#27;[0m&amp#27;[36m: The title should be "&amp#27;[0m&amp#27;[36m&amp#27;[1mLaptops&amp#27;[0m&amp#27;[36m" search page&amp#27;[0m                 &amp#27;[90m# SearchStepDfn._the_title_should_be_something_search_page(String)&amp#27;[0m
2018-03-13 23:27:14 [INFO ] [InitializeWebDrive] - [after] 
2018-03-13 23:27:14 [INFO ] [InitializeWebDrive] - [standAloneStepUp] PhantomJs
&amp#27;[31mFailure in before hook:&amp#27;[0m&amp#27;[31mInitializeWebDrive.before()&amp#27;[0m
&amp#27;[31mMessage: &amp#27;[0m&amp#27;[31morg.openqa.selenium.remote.UnreachableBrowserException: Could not start a new session. Possible causes are invalid address of the remote server or browser start-up failure.
Build info: version: '2.53.1', revision: 'a36b8b1cd5757287168e54b817830adce9b0158d', time: '2016-06-30 19:26:09'
System info: host: 'Ajit-PC', ip: '192.168.0.109', os.name: 'Windows 10', os.arch: 'amd64', os.version: '10.0', java.version: '1.8.0_131'
Driver info: driver.version: PhantomJSDriver
	at org.openqa.selenium.remote.RemoteWebDriver.execute(RemoteWebDriver.java:665)
	at org.openqa.selenium.remote.RemoteWebDriver.startSession(RemoteWebDriver.java:249)
	at org.openqa.selenium.remote.RemoteWebDriver.<init>(RemoteWebDriver.java:131)
	at org.openqa.selenium.remote.RemoteWebDriver.<init>(RemoteWebDriver.java:144)
	at org.openqa.selenium.phantomjs.PhantomJSDriver.<init>(PhantomJSDriver.java:116)
	at com.cucumber.framework.configuration.browser.PhantomJsBrowser.getPhantomJsDriver(PhantomJsBrowser.java:53)
	at com.cucumber.framework.helper.InitializeWebDrive.standAloneStepUp(InitializeWebDrive.java:71)
	at com.cucumber.framework.helper.InitializeWebDrive.setUpDriver(InitializeWebDrive.java:146)
	at com.cucumber.framework.helper.InitializeWebDrive.before(InitializeWebDrive.java:87)
	at sun.reflect.NativeMethodAccessorImpl.invoke0(Native Method)
	at sun.reflect.NativeMethodAccessorImpl.invoke(NativeMethodAccessorImpl.java:62)
	at sun.reflect.DelegatingMethodAccessorImpl.invoke(DelegatingMethodAccessorImpl.java:43)
	at java.lang.reflect.Method.invoke(Method.java:498)
	at cucumber.runtime.Utils$1.call(Utils.java:37)
	at cucumber.runtime.Timeout.timeout(Timeout.java:13)
	at cucumber.runtime.Utils.invoke(Utils.java:31)
	at cucumber.runtime.java.JavaHookDefinition.execute(JavaHookDefinition.java:60)
	at cucumber.runtime.Runtime.runHookIfTagsMatch(Runtime.java:223)
	at cucumber.runtime.Runtime.runHooks(Runtime.java:211)
	at cucumber.runtime.Runtime.runBeforeHooks(Runtime.java:201)
	at cucumber.runtime.model.CucumberScenario.run(CucumberScenario.java:40)
	at cucumber.runtime.model.CucumberFeature.run(CucumberFeature.java:165)
	at cucumber.api.testng.TestNGCucumberRunner.runCucumber(TestNGCucumberRunner.java:63)
	at cucumber.api.testng.AbstractTestNGCucumberTests.feature(AbstractTestNGCucumberTests.java:21)
	at sun.reflect.NativeMethodAccessorImpl.invoke0(Native Method)
	at sun.reflect.NativeMethodAccessorImpl.invoke(NativeMethodAccessorImpl.java:62)
	at sun.reflect.DelegatingMethodAccessorImpl.invoke(DelegatingMethodAccessorImpl.java:43)
	at java.lang.reflect.Method.invoke(Method.java:498)
	at org.testng.internal.MethodInvocationHelper.invokeMethod(MethodInvocationHelper.java:86)
	at org.testng.internal.Invoker.invokeMethod(Invoker.java:643)
	at org.testng.internal.Invoker.invokeTestMethod(Invoker.java:820)
	at org.testng.internal.Invoker.invokeTestMethods(Invoker.java:1128)
	at org.testng.internal.TestMethodWorker.invokeTestMethods(TestMethodWorker.java:129)
	at org.testng.internal.TestMethodWorker.run(TestMethodWorker.java:112)
	at org.testng.TestRunner.privateRun(TestRunner.java:782)
	at org.testng.TestRunner.run(TestRunner.java:632)
	at org.testng.SuiteRunner.runTest(SuiteRunner.java:366)
	at org.testng.SuiteRunner.runSequentially(SuiteRunner.java:361)
	at org.testng.SuiteRunner.privateRun(SuiteRunner.java:319)
	at org.testng.SuiteRunner.run(SuiteRunner.java:268)
	at org.testng.SuiteRunnerWorker.runSuite(SuiteRunnerWorker.java:52)
	at org.testng.SuiteRunnerWorker.run(SuiteRunnerWorker.java:86)
	at org.testng.TestNG.runSuitesSequentially(TestNG.java:1244)
	at org.testng.TestNG.runSuitesLocally(TestNG.java:1169)
	at org.testng.TestNG.run(TestNG.java:1064)
	at org.apache.maven.surefire.testng.TestNGExecutor.run(TestNGExecutor.java:281)
	at org.apache.maven.surefire.testng.TestNGXmlTestSuite.execute(TestNGXmlTestSuite.java:75)
	at org.apache.maven.surefire.testng.TestNGProvider.invoke(TestNGProvider.java:121)
	at org.apache.maven.surefire.booter.ForkedBooter.invokeProviderInSameClassLoader(ForkedBooter.java:290)
	at org.apache.maven.surefire.booter.ForkedBooter.runSuitesInProcess(ForkedBooter.java:242)
	at org.apache.maven.surefire.booter.ForkedBooter.main(ForkedBooter.java:121)
Caused by: java.lang.IllegalStateException: The process has not exited yet therefore no result is available ...
	at org.apache.commons.exec.DefaultExecuteResultHandler.getException(DefaultExecuteResultHandler.java:76)
	at org.openqa.selenium.os.UnixProcess.checkForError(UnixProcess.java:171)
	at org.openqa.selenium.os.CommandLine.checkForError(CommandLine.java:185)
	at org.openqa.selenium.remote.service.DriverService.waitUntilAvailable(DriverService.java:177)
	at org.openqa.selenium.remote.service.DriverService.start(DriverService.java:166)
	at org.openqa.selenium.phantomjs.PhantomJSCommandExecutor.execute(PhantomJSCommandExecutor.java:78)
	at org.openqa.selenium.remote.RemoteWebDriver.execute(RemoteWebDriver.java:644)
	... 50 more
&amp#27;[0m
      &amp#27;[31morg.openqa.selenium.remote.UnreachableBrowserException: Could not start a new session. Possible causes are invalid address of the remote server or browser start-up failure.
      Build info: version: '2.53.1', revision: 'a36b8b1cd5757287168e54b817830adce9b0158d', time: '2016-06-30 19:26:09'
      System info: host: 'Ajit-PC', ip: '192.168.0.109', os.name: 'Windows 10', os.arch: 'amd64', os.version: '10.0', java.version: '1.8.0_131'
      Driver info: driver.version: PhantomJSDriver
      	at org.openqa.selenium.remote.RemoteWebDriver.execute(RemoteWebDriver.java:665)
      	at org.openqa.selenium.remote.RemoteWebDriver.startSession(RemoteWebDriver.java:249)
      	at org.openqa.selenium.remote.RemoteWebDriver.<init>(RemoteWebDriver.java:131)
      	at org.openqa.selenium.remote.RemoteWebDriver.<init>(RemoteWebDriver.java:144)
      	at org.openqa.selenium.phantomjs.PhantomJSDriver.<init>(PhantomJSDriver.java:116)
      	at com.cucumber.framework.configuration.browser.PhantomJsBrowser.getPhantomJsDriver(PhantomJsBrowser.java:53)
      	at com.cucumber.framework.helper.InitializeWebDrive.standAloneStepUp(InitializeWebDrive.java:71)
      	at com.cucumber.framework.helper.InitializeWebDrive.setUpDriver(InitializeWebDrive.java:146)
      	at com.cucumber.framework.helper.InitializeWebDrive.before(InitializeWebDrive.java:87)
      	at sun.reflect.NativeMethodAccessorImpl.invoke0(Native Method)
      	at sun.reflect.NativeMethodAccessorImpl.invoke(NativeMethodAccessorImpl.java:62)
      	at sun.reflect.DelegatingMethodAccessorImpl.invoke(DelegatingMethodAccessorImpl.java:43)
      	at java.lang.reflect.Method.invoke(Method.java:498)
      	at cucumber.runtime.Utils$1.call(Utils.java:37)
      	at cucumber.runtime.Timeout.timeout(Timeout.java:13)
      	at cucumber.runtime.Utils.invoke(Utils.java:31)
      	at cucumber.runtime.java.JavaHookDefinition.execute(JavaHookDefinition.java:60)
      	at cucumber.runtime.Runtime.runHookIfTagsMatch(Runtime.java:223)
      	at cucumber.runtime.Runtime.runHooks(Runtime.java:211)
      	at cucumber.runtime.Runtime.runBeforeHooks(Runtime.java:201)
      	at cucumber.runtime.model.CucumberScenario.run(CucumberScenario.java:40)
      	at cucumber.runtime.model.CucumberFeature.run(CucumberFeature.java:165)
      	at cucumber.api.testng.TestNGCucumberRunner.runCucumber(TestNGCucumberRunner.java:63)
      	at cucumber.api.testng.AbstractTestNGCucumberTests.feature(AbstractTestNGCucumberTests.java:21)
      	at sun.reflect.NativeMethodAccessorImpl.invoke0(Native Method)
      	at sun.reflect.NativeMethodAccessorImpl.invoke(NativeMethodAccessorImpl.java:62)
      	at sun.reflect.DelegatingMethodAccessorImpl.invoke(DelegatingMethodAccessorImpl.java:43)
      	at java.lang.reflect.Method.invoke(Method.java:498)
      	at org.testng.internal.MethodInvocationHelper.invokeMethod(MethodInvocationHelper.java:86)
      	at org.testng.internal.Invoker.invokeMethod(Invoker.java:643)
      	at org.testng.internal.Invoker.invokeTestMethod(Invoker.java:820)
      	at org.testng.internal.Invoker.invokeTestMethods(Invoker.java:1128)
      	at org.testng.internal.TestMethodWorker.invokeTestMethods(TestMethodWorker.java:129)
      	at org.testng.internal.TestMethodWorker.run(TestMethodWorker.java:112)
      	at org.testng.TestRunner.privateRun(TestRunner.java:782)
      	at org.testng.TestRunner.run(TestRunner.java:632)
      	at org.testng.SuiteRunner.runTest(SuiteRunner.java:366)
      	at org.testng.SuiteRunner.runSequentially(SuiteRunner.java:361)
      	at org.testng.SuiteRunner.privateRun(SuiteRunner.java:319)
      	at org.testng.SuiteRunner.run(SuiteRunner.java:268)
      	at org.testng.SuiteRunnerWorker.runSuite(SuiteRunnerWorker.java:52)
      	at org.testng.SuiteRunnerWorker.run(SuiteRunnerWorker.java:86)
      	at org.testng.TestNG.runSuitesSequentially(TestNG.java:1244)
      	at org.testng.TestNG.runSuitesLocally(TestNG.java:1169)
      	at org.testng.TestNG.run(TestNG.java:1064)
      	at org.apache.maven.surefire.testng.TestNGExecutor.run(TestNGExecutor.java:281)
      	at org.apache.maven.surefire.testng.TestNGXmlTestSuite.execute(TestNGXmlTestSuite.java:75)
      	at org.apache.maven.surefire.testng.TestNGProvider.invoke(TestNGProvider.java:121)
      	at org.apache.maven.surefire.booter.ForkedBooter.invokeProviderInSameClassLoader(ForkedBooter.java:290)
      	at org.apache.maven.surefire.booter.ForkedBooter.runSuitesInProcess(ForkedBooter.java:242)
      	at org.apache.maven.surefire.booter.ForkedBooter.main(ForkedBooter.java:121)
      Caused by: java.lang.IllegalStateException: The process has not exited yet therefore no result is available ...
      	at org.apache.commons.exec.DefaultExecuteResultHandler.getException(DefaultExecuteResultHandler.java:76)
      	at org.openqa.selenium.os.UnixProcess.checkForError(UnixProcess.java:171)
      	at org.openqa.selenium.os.CommandLine.checkForError(CommandLine.java:185)
      	at org.openqa.selenium.remote.service.DriverService.waitUntilAvailable(DriverService.java:177)
      	at org.openqa.selenium.remote.service.DriverService.start(DriverService.java:166)
      	at org.openqa.selenium.phantomjs.PhantomJSCommandExecutor.execute(PhantomJSCommandExecutor.java:78)
      	at org.openqa.selenium.remote.RemoteWebDriver.execute(RemoteWebDriver.java:644)
      	... 50 more
      &amp#27;[0m

  Scenario: Search based on Tablets                                &amp#27;[90m# featurefile/Search.feature:9&amp#27;[0m
    &amp#27;[36mGiven &amp#27;[0m&amp#27;[36m: I am at the home page&amp#27;[0m                                  &amp#27;[90m# SearchStepDfn._i_am_at_the_home_page()&amp#27;[0m
    &amp#27;[36mWhen &amp#27;[0m&amp#27;[36m: I click on the "&amp#27;[0m&amp#27;[36m&amp#27;[1mTablets&amp#27;[0m&amp#27;[36m" search filter&amp#27;[0m                  &amp#27;[90m# SearchStepDfn._i_click_on_the_something_search_filter(String)&amp#27;[0m
    &amp#27;[36mThen &amp#27;[0m&amp#27;[36m: I should be at the "&amp#27;[0m&amp#27;[36m&amp#27;[1mTablets&amp#27;[0m&amp#27;[36m" search page with "&amp#27;[0m&amp#27;[36m&amp#27;[1m5 items&amp#27;[0m&amp#27;[36m"&amp#27;[0m &amp#27;[90m# SearchStepDfn._i_should_be_at_the_something_search_page_with_something(String,String)&amp#27;[0m
    &amp#27;[36mAnd &amp#27;[0m&amp#27;[36m: The title should be "&amp#27;[0m&amp#27;[36m&amp#27;[1mTablets&amp#27;[0m&amp#27;[36m" search page&amp#27;[0m                &amp#27;[90m# SearchStepDfn._the_title_should_be_something_search_page(String)&amp#27;[0m
2018-03-13 23:27:42 [INFO ] [InitializeWebDrive] - [after] 
2018-03-13 23:27:42 [INFO ] [InitializeWebDrive] - [standAloneStepUp] PhantomJs
2018-03-13 23:28:14 [INFO ] [InitializeWebDrive] - [before] PhantomJs

  Scenario: Search based on Cameras                                 &amp#27;[90m# featurefile/Search.feature:15&amp#27;[0m
    &amp#27;[36mGiven &amp#27;[0m&amp#27;[36m: I am at the home page&amp#27;[0m                                   &amp#27;[90m# SearchStepDfn._i_am_at_the_home_page()&amp#27;[0m
    &amp#27;[36mWhen &amp#27;[0m&amp#27;[36m: I click on the "&amp#27;[0m&amp#27;[36m&amp#27;[1mCameras&amp#27;[0m&amp#27;[36m" search filter&amp#27;[0m                   &amp#27;[90m# SearchStepDfn._i_click_on_the_something_search_filter(String)&amp#27;[0m
    &amp#27;[36mThen &amp#27;[0m&amp#27;[36m: I should be at the "&amp#27;[0m&amp#27;[36m&amp#27;[1mCameras&amp#27;[0m&amp#27;[36m" search page with "&amp#27;[0m&amp#27;[36m&amp#27;[1m47 items&amp#27;[0m&amp#27;[36m"&amp#27;[0m &amp#27;[90m# SearchStepDfn._i_should_be_at_the_something_search_page_with_something(String,String)&amp#27;[0m
    &amp#27;[36mAnd &amp#27;[0m&amp#27;[36m: The title should be "&amp#27;[0m&amp#27;[36m&amp#27;[1mCameras&amp#27;[0m&amp#27;[36m" search page&amp#27;[0m                 &amp#27;[90m# SearchStepDfn._the_title_should_be_something_search_page(String)&amp#27;[0m
2018-03-13 23:28:38 [INFO ] [GenericHelper] - [takeScreenShot] C:\Users\Ajit\git\SeleniumCucumber\target\test-classes\screenshots\_2018-03-13\Search based on Mobile Phones.jpg
&amp#27;[34mC:\Users\Ajit\git\SeleniumCucumber\target\test-classes\screenshots\_2018-03-13\Search based on Mobile Phones.jpg&amp#27;[0m
2018-03-13 23:28:39 [INFO ] [InitializeWebDrive] - [tearDownDriver] Shutting Down the driver
2018-03-13 23:28:39 [INFO ] [InitializeWebDrive] - [after] 
2018-03-13 23:28:39 [INFO ] [InitializeWebDrive] - [standAloneStepUp] PhantomJs
2018-03-13 23:28:55 [INFO ] [InitializeWebDrive] - [before] PhantomJs

  Scenario: Search based on Mobile Phones                                 &amp#27;[90m# featurefile/Search.feature:21&amp#27;[0m
    &amp#27;[32mGiven &amp#27;[0m&amp#27;[32m: I am at the home page&amp#27;[0m                                         &amp#27;[90m# SearchStepDfn._i_am_at_the_home_page()&amp#27;[0m
    &amp#27;[31mWhen &amp#27;[0m&amp#27;[31m: I click on the "&amp#27;[0m&amp#27;[31m&amp#27;[1mMobile Phones&amp#27;[0m&amp#27;[31m" search filter&amp#27;[0m                   &amp#27;[90m# SearchStepDfn._i_click_on_the_something_search_filter(String)&amp#27;[0m
      &amp#27;[31morg.openqa.selenium.NoSuchElementException: {"errorMessage":"Unable to find element with xpath '//div[@id='main-nav']//a[text()='Mobile Phones']'","request":{"headers":{"Accept-Encoding":"gzip,deflate","Connection":"Keep-Alive","Content-Length":"76","Content-Type":"application/json; charset=utf-8","Host":"localhost:12290","User-Agent":"Apache-HttpClient/4.5.1 (Java/1.8.0_131)"},"httpVersion":"1.1","method":"POST","post":"{\"using\":\"xpath\",\"value\":\"//div[@id='main-nav']//a[text()='Mobile Phones']\"}","url":"/element","urlParsed":{"anchor":"","query":"","file":"element","directory":"/","path":"/element","relative":"/element","port":"","host":"","password":"","user":"","userInfo":"","authority":"","protocol":"","source":"/element","queryKey":{},"chunks":["element"]},"urlOriginal":"/session/18e13280-26e8-11e8-bcd5-8f7874271113/element"}}
      Command duration or timeout: 2.95 seconds
      For documentation on this error, please visit: http://seleniumhq.org/exceptions/no_such_element.html
      Build info: version: '2.53.1', revision: 'a36b8b1cd5757287168e54b817830adce9b0158d', time: '2016-06-30 19:26:09'
      System info: host: 'Ajit-PC', ip: '192.168.0.109', os.name: 'Windows 10', os.arch: 'amd64', os.version: '10.0', java.version: '1.8.0_131'
      Driver info: org.openqa.selenium.phantomjs.PhantomJSDriver
      Capabilities [{applicationCacheEnabled=false, rotatable=false, handlesAlerts=false, databaseEnabled=false, version=2.1.1, platform=XP, browserConnectionEnabled=false, proxy={proxyType=direct}, nativeEvents=true, acceptSslCerts=false, driverVersion=1.2.0, locationContextEnabled=false, webStorageEnabled=false, browserName=phantomjs, takesScreenshot=true, driverName=ghostdriver, javascriptEnabled=true, cssSelectorsEnabled=true}]
      Session ID: 18e13280-26e8-11e8-bcd5-8f7874271113
      *** Element info: {Using=xpath, value=//div[@id='main-nav']//a[text()='Mobile Phones']}
      	at sun.reflect.NativeConstructorAccessorImpl.newInstance0(Native Method)
      	at sun.reflect.NativeConstructorAccessorImpl.newInstance(NativeConstructorAccessorImpl.java:62)
      	at sun.reflect.DelegatingConstructorAccessorImpl.newInstance(DelegatingConstructorAccessorImpl.java:45)
      	at java.lang.reflect.Constructor.newInstance(Constructor.java:423)
      	at org.openqa.selenium.remote.ErrorHandler.createThrowable(ErrorHandler.java:206)
      	at org.openqa.selenium.remote.ErrorHandler.throwIfResponseFailed(ErrorHandler.java:158)
      	at org.openqa.selenium.remote.RemoteWebDriver.execute(RemoteWebDriver.java:678)
      	at org.openqa.selenium.remote.RemoteWebDriver.findElement(RemoteWebDriver.java:363)
      	at org.openqa.selenium.remote.RemoteWebDriver.findElementByXPath(RemoteWebDriver.java:500)
      	at org.openqa.selenium.By$ByXPath.findElement(By.java:361)
      	at org.openqa.selenium.remote.RemoteWebDriver.findElement(RemoteWebDriver.java:355)
      	at com.cucumber.framework.helper.PageObject.homepage.HomePage.navigateTo(HomePage.java:133)
      	at com.cucumber.framework.stepdefinition.SearchStepDfn._i_click_on_the_something_search_filter(SearchStepDfn.java:38)
      	at ?.When : I click on the "Mobile Phones" search filter(featurefile/Search.feature:23)
      Caused by: org.openqa.selenium.remote.ScreenshotException: Screen shot has been taken
      Build info: version: '2.53.1', revision: 'a36b8b1cd5757287168e54b817830adce9b0158d', time: '2016-06-30 19:26:09'
      System info: host: 'Ajit-PC', ip: '192.168.0.109', os.name: 'Windows 10', os.arch: 'amd64', os.version: '10.0', java.version: '1.8.0_131'
      Driver info: driver.version: RemoteWebDriver
      	at org.openqa.selenium.remote.ErrorHandler.throwIfResponseFailed(ErrorHandler.java:138)
      	at org.openqa.selenium.remote.RemoteWebDriver.execute(RemoteWebDriver.java:678)
      	at org.openqa.selenium.remote.RemoteWebDriver.findElement(RemoteWebDriver.java:363)
      	at org.openqa.selenium.remote.RemoteWebDriver.findElementByXPath(RemoteWebDriver.java:500)
      	at org.openqa.selenium.By$ByXPath.findElement(By.java:361)
      	at org.openqa.selenium.remote.RemoteWebDriver.findElement(RemoteWebDriver.java:355)
      	at com.cucumber.framework.helper.PageObject.homepage.HomePage.navigateTo(HomePage.java:133)
      	at com.cucumber.framework.stepdefinition.SearchStepDfn._i_click_on_the_something_search_filter(SearchStepDfn.java:38)
      	at sun.reflect.NativeMethodAccessorImpl.invoke0(Native Method)
      	at sun.reflect.NativeMethodAccessorImpl.invoke(NativeMethodAccessorImpl.java:62)
      	at sun.reflect.DelegatingMethodAccessorImpl.invoke(DelegatingMethodAccessorImpl.java:43)
      	at java.lang.reflect.Method.invoke(Method.java:498)
      	at cucumber.runtime.Utils$1.call(Utils.java:37)
      	at cucumber.runtime.Timeout.timeout(Timeout.java:13)
      	at cucumber.runtime.Utils.invoke(Utils.java:31)
      	at cucumber.runtime.java.JavaStepDefinition.execute(JavaStepDefinition.java:38)
      	at cucumber.runtime.StepDefinitionMatch.runStep(StepDefinitionMatch.java:37)
      	at cucumber.runtime.Runtime.runStep(Runtime.java:299)
      	at cucumber.runtime.model.StepContainer.runStep(StepContainer.java:44)
      	at cucumber.runtime.model.StepContainer.runSteps(StepContainer.java:39)
      	at cucumber.runtime.model.CucumberScenario.run(CucumberScenario.java:44)
      	at cucumber.runtime.model.CucumberFeature.run(CucumberFeature.java:165)
      	at cucumber.api.testng.TestNGCucumberRunner.runCucumber(TestNGCucumberRunner.java:63)
      	at cucumber.api.testng.AbstractTestNGCucumberTests.feature(AbstractTestNGCucumberTests.java:21)
      	at sun.reflect.NativeMethodAccessorImpl.invoke0(Native Method)
      	at sun.reflect.NativeMethodAccessorImpl.invoke(NativeMethodAccessorImpl.java:62)
      	at sun.reflect.DelegatingMethodAccessorImpl.invoke(DelegatingMethodAccessorImpl.java:43)
      	at java.lang.reflect.Method.invoke(Method.java:498)
      	at org.testng.internal.MethodInvocationHelper.invokeMethod(MethodInvocationHelper.java:86)
      	at org.testng.internal.Invoker.invokeMethod(Invoker.java:643)
      	at org.testng.internal.Invoker.invokeTestMethod(Invoker.java:820)
      	at org.testng.internal.Invoker.invokeTestMethods(Invoker.java:1128)
      	at org.testng.internal.TestMethodWorker.invokeTestMethods(TestMethodWorker.java:129)
      	at org.testng.internal.TestMethodWorker.run(TestMethodWorker.java:112)
      	at org.testng.TestRunner.privateRun(TestRunner.java:782)
      	at org.testng.TestRunner.run(TestRunner.java:632)
      	at org.testng.SuiteRunner.runTest(SuiteRunner.java:366)
      	at org.testng.SuiteRunner.runSequentially(SuiteRunner.java:361)
      	at org.testng.SuiteRunner.privateRun(SuiteRunner.java:319)
      	at org.testng.SuiteRunner.run(SuiteRunner.java:268)
      	at org.testng.SuiteRunnerWorker.runSuite(SuiteRunnerWorker.java:52)
      	at org.testng.SuiteRunnerWorker.run(SuiteRunnerWorker.java:86)
      	at org.testng.TestNG.runSuitesSequentially(TestNG.java:1244)
      	at org.testng.TestNG.runSuitesLocally(TestNG.java:1169)
      	at org.testng.TestNG.run(TestNG.java:1064)
      	at org.apache.maven.surefire.testng.TestNGExecutor.run(TestNGExecutor.java:281)
      	at org.apache.maven.surefire.testng.TestNGXmlTestSuite.execute(TestNGXmlTestSuite.java:75)
      	at org.apache.maven.surefire.testng.TestNGProvider.invoke(TestNGProvider.java:121)
      	at org.apache.maven.surefire.booter.ForkedBooter.invokeProviderInSameClassLoader(ForkedBooter.java:290)
      	at org.apache.maven.surefire.booter.ForkedBooter.runSuitesInProcess(ForkedBooter.java:242)
      	at org.apache.maven.surefire.booter.ForkedBooter.main(ForkedBooter.java:121)
      Caused by: org.openqa.selenium.NoSuchElementException: {"errorMessage":"Unable to find element with xpath '//div[@id='main-nav']//a[text()='Mobile Phones']'","request":{"headers":{"Accept-Encoding":"gzip,deflate","Connection":"Keep-Alive","Content-Length":"76","Content-Type":"application/json; charset=utf-8","Host":"localhost:12290","User-Agent":"Apache-HttpClient/4.5.1 (Java/1.8.0_131)"},"httpVersion":"1.1","method":"POST","post":"{\"using\":\"xpath\",\"value\":\"//div[@id='main-nav']//a[text()='Mobile Phones']\"}","url":"/element","urlParsed":{"anchor":"","query":"","file":"element","directory":"/","path":"/element","relative":"/element","port":"","host":"","password":"","user":"","userInfo":"","authority":"","protocol":"","source":"/element","queryKey":{},"chunks":["element"]},"urlOriginal":"/session/18e13280-26e8-11e8-bcd5-8f7874271113/element"}}
      For documentation on this error, please visit: http://seleniumhq.org/exceptions/no_such_element.html
      Build info: version: '2.53.1', revision: 'a36b8b1cd5757287168e54b817830adce9b0158d', time: '2016-06-30 19:26:09'
      System info: host: 'Ajit-PC', ip: '192.168.0.109', os.name: 'Windows 10', os.arch: 'amd64', os.version: '10.0', java.version: '1.8.0_131'
      Driver info: driver.version: unknown
      &amp#27;[0m
    &amp#27;[36mThen &amp#27;[0m&amp#27;[36m: I should be at the "&amp#27;[0m&amp#27;[36m&amp#27;[1mMobile Phones&amp#27;[0m&amp#27;[36m" search page with "&amp#27;[0m&amp#27;[36m&amp#27;[1m33 items&amp#27;[0m&amp#27;[36m"&amp#27;[0m &amp#27;[90m# SearchStepDfn._i_should_be_at_the_something_search_page_with_something(String,String)&amp#27;[0m
    &amp#27;[36mAnd &amp#27;[0m&amp#27;[36m: The title should be "&amp#27;[0m&amp#27;[36m&amp#27;[1mMobile Phones&amp#27;[0m&amp#27;[36m" search page&amp#27;[0m                 &amp#27;[90m# SearchStepDfn._the_title_should_be_something_search_page(String)&amp#27;[0m
2018-03-13 23:29:07 [INFO ] [GenericHelper] - [takeScreenShot] C:\Users\Ajit\git\SeleniumCucumber\target\test-classes\screenshots\_2018-03-13\Search based on Books.jpg
&amp#27;[34mC:\Users\Ajit\git\SeleniumCucumber\target\test-classes\screenshots\_2018-03-13\Search based on Books.jpg&amp#27;[0m
2018-03-13 23:29:07 [INFO ] [InitializeWebDrive] - [tearDownDriver] Shutting Down the driver
2018-03-13 23:29:07 [INFO ] [InitializeWebDrive] - [after] 

  Scenario: Search based on Books                                            &amp#27;[90m# featurefile/Search.feature:27&amp#27;[0m
    &amp#27;[32mGiven &amp#27;[0m&amp#27;[32m: I am at the home page&amp#27;[0m                                            &amp#27;[90m# SearchStepDfn._i_am_at_the_home_page()&amp#27;[0m
    &amp#27;[31mWhen &amp#27;[0m&amp#27;[31m: I click on the "&amp#27;[0m&amp#27;[31m&amp#27;[1mBooks - Children&amp#27;[0m&amp#27;[31m" search filter&amp#27;[0m                   &amp#27;[90m# SearchStepDfn._i_click_on_the_something_search_filter(String)&amp#27;[0m
      &amp#27;[31morg.openqa.selenium.NoSuchElementException: {"errorMessage":"Unable to find element with xpath '//div[@id='main-nav']//a[text()='Books - Children']'","request":{"headers":{"Accept-Encoding":"gzip,deflate","Connection":"Keep-Alive","Content-Length":"79","Content-Type":"application/json; charset=utf-8","Host":"localhost:37783","User-Agent":"Apache-HttpClient/4.5.1 (Java/1.8.0_131)"},"httpVersion":"1.1","method":"POST","post":"{\"using\":\"xpath\",\"value\":\"//div[@id='main-nav']//a[text()='Books - Children']\"}","url":"/element","urlParsed":{"anchor":"","query":"","file":"element","directory":"/","path":"/element","relative":"/element","port":"","host":"","password":"","user":"","userInfo":"","authority":"","protocol":"","source":"/element","queryKey":{},"chunks":["element"]},"urlOriginal":"/session/327c3870-26e8-11e8-8083-69474ac23d5b/element"}}
      Command duration or timeout: 2.26 seconds
      For documentation on this error, please visit: http://seleniumhq.org/exceptions/no_such_element.html
      Build info: version: '2.53.1', revision: 'a36b8b1cd5757287168e54b817830adce9b0158d', time: '2016-06-30 19:26:09'
      System info: host: 'Ajit-PC', ip: '192.168.0.109', os.name: 'Windows 10', os.arch: 'amd64', os.version: '10.0', java.version: '1.8.0_131'
      Driver info: org.openqa.selenium.phantomjs.PhantomJSDriver
      Capabilities [{applicationCacheEnabled=false, rotatable=false, handlesAlerts=false, databaseEnabled=false, version=2.1.1, platform=XP, browserConnectionEnabled=false, proxy={proxyType=direct}, nativeEvents=true, acceptSslCerts=false, driverVersion=1.2.0, locationContextEnabled=false, webStorageEnabled=false, browserName=phantomjs, takesScreenshot=true, driverName=ghostdriver, javascriptEnabled=true, cssSelectorsEnabled=true}]
      Session ID: 327c3870-26e8-11e8-8083-69474ac23d5b
      *** Element info: {Using=xpath, value=//div[@id='main-nav']//a[text()='Books - Children']}
      	at sun.reflect.NativeConstructorAccessorImpl.newInstance0(Native Method)
      	at sun.reflect.NativeConstructorAccessorImpl.newInstance(NativeConstructorAccessorImpl.java:62)
      	at sun.reflect.DelegatingConstructorAccessorImpl.newInstance(DelegatingConstructorAccessorImpl.java:45)
      	at java.lang.reflect.Constructor.newInstance(Constructor.java:423)
      	at org.openqa.selenium.remote.ErrorHandler.createThrowable(ErrorHandler.java:206)
      	at org.openqa.selenium.remote.ErrorHandler.throwIfResponseFailed(ErrorHandler.java:158)
      	at org.openqa.selenium.remote.RemoteWebDriver.execute(RemoteWebDriver.java:678)
      	at org.openqa.selenium.remote.RemoteWebDriver.findElement(RemoteWebDriver.java:363)
      	at org.openqa.selenium.remote.RemoteWebDriver.findElementByXPath(RemoteWebDriver.java:500)
      	at org.openqa.selenium.By$ByXPath.findElement(By.java:361)
      	at org.openqa.selenium.remote.RemoteWebDriver.findElement(RemoteWebDriver.java:355)
      	at com.cucumber.framework.helper.PageObject.homepage.HomePage.navigateTo(HomePage.java:133)
      	at com.cucumber.framework.stepdefinition.SearchStepDfn._i_click_on_the_something_search_filter(SearchStepDfn.java:38)
      	at ?.When : I click on the "Books - Children" search filter(featurefile/Search.feature:29)
      Caused by: org.openqa.selenium.remote.ScreenshotException: Screen shot has been taken
      Build info: version: '2.53.1', revision: 'a36b8b1cd5757287168e54b817830adce9b0158d', time: '2016-06-30 19:26:09'
      System info: host: 'Ajit-PC', ip: '192.168.0.109', os.name: 'Windows 10', os.arch: 'amd64', os.version: '10.0', java.version: '1.8.0_131'
      Driver info: driver.version: RemoteWebDriver
      	at org.openqa.selenium.remote.ErrorHandler.throwIfResponseFailed(ErrorHandler.java:138)
      	at org.openqa.selenium.remote.RemoteWebDriver.execute(RemoteWebDriver.java:678)
      	at org.openqa.selenium.remote.RemoteWebDriver.findElement(RemoteWebDriver.java:363)
      	at org.openqa.selenium.remote.RemoteWebDriver.findElementByXPath(RemoteWebDriver.java:500)
      	at org.openqa.selenium.By$ByXPath.findElement(By.java:361)
      	at org.openqa.selenium.remote.RemoteWebDriver.findElement(RemoteWebDriver.java:355)
      	at com.cucumber.framework.helper.PageObject.homepage.HomePage.navigateTo(HomePage.java:133)
      	at com.cucumber.framework.stepdefinition.SearchStepDfn._i_click_on_the_something_search_filter(SearchStepDfn.java:38)
      	at sun.reflect.NativeMethodAccessorImpl.invoke0(Native Method)
      	at sun.reflect.NativeMethodAccessorImpl.invoke(NativeMethodAccessorImpl.java:62)
      	at sun.reflect.DelegatingMethodAccessorImpl.invoke(DelegatingMethodAccessorImpl.java:43)
      	at java.lang.reflect.Method.invoke(Method.java:498)
      	at cucumber.runtime.Utils$1.call(Utils.java:37)
      	at cucumber.runtime.Timeout.timeout(Timeout.java:13)
      	at cucumber.runtime.Utils.invoke(Utils.java:31)
      	at cucumber.runtime.java.JavaStepDefinition.execute(JavaStepDefinition.java:38)
      	at cucumber.runtime.StepDefinitionMatch.runStep(StepDefinitionMatch.java:37)
      	at cucumber.runtime.Runtime.runStep(Runtime.java:299)
      	at cucumber.runtime.model.StepContainer.runStep(StepContainer.java:44)
      	at cucumber.runtime.model.StepContainer.runSteps(StepContainer.java:39)
      	at cucumber.runtime.model.CucumberScenario.run(CucumberScenario.java:44)
      	at cucumber.runtime.model.CucumberFeature.run(CucumberFeature.java:165)
      	at cucumber.api.testng.TestNGCucumberRunner.runCucumber(TestNGCucumberRunner.java:63)
      	at cucumber.api.testng.AbstractTestNGCucumberTests.feature(AbstractTestNGCucumberTests.java:21)
      	at sun.reflect.NativeMethodAccessorImpl.invoke0(Native Method)
      	at sun.reflect.NativeMethodAccessorImpl.invoke(NativeMethodAccessorImpl.java:62)
      	at sun.reflect.DelegatingMethodAccessorImpl.invoke(DelegatingMethodAccessorImpl.java:43)
      	at java.lang.reflect.Method.invoke(Method.java:498)
      	at org.testng.internal.MethodInvocationHelper.invokeMethod(MethodInvocationHelper.java:86)
      	at org.testng.internal.Invoker.invokeMethod(Invoker.java:643)
      	at org.testng.internal.Invoker.invokeTestMethod(Invoker.java:820)
      	at org.testng.internal.Invoker.invokeTestMethods(Invoker.java:1128)
      	at org.testng.internal.TestMethodWorker.invokeTestMethods(TestMethodWorker.java:129)
      	at org.testng.internal.TestMethodWorker.run(TestMethodWorker.java:112)
      	at org.testng.TestRunner.privateRun(TestRunner.java:782)
      	at org.testng.TestRunner.run(TestRunner.java:632)
      	at org.testng.SuiteRunner.runTest(SuiteRunner.java:366)
      	at org.testng.SuiteRunner.runSequentially(SuiteRunner.java:361)
      	at org.testng.SuiteRunner.privateRun(SuiteRunner.java:319)
      	at org.testng.SuiteRunner.run(SuiteRunner.java:268)
      	at org.testng.SuiteRunnerWorker.runSuite(SuiteRunnerWorker.java:52)
      	at org.testng.SuiteRunnerWorker.run(SuiteRunnerWorker.java:86)
      	at org.testng.TestNG.runSuitesSequentially(TestNG.java:1244)
      	at org.testng.TestNG.runSuitesLocally(TestNG.java:1169)
      	at org.testng.TestNG.run(TestNG.java:1064)
      	at org.apache.maven.surefire.testng.TestNGExecutor.run(TestNGExecutor.java:281)
      	at org.apache.maven.surefire.testng.TestNGXmlTestSuite.execute(TestNGXmlTestSuite.java:75)
      	at org.apache.maven.surefire.testng.TestNGProvider.invoke(TestNGProvider.java:121)
      	at org.apache.maven.surefire.booter.ForkedBooter.invokeProviderInSameClassLoader(ForkedBooter.java:290)
      	at org.apache.maven.surefire.booter.ForkedBooter.runSuitesInProcess(ForkedBooter.java:242)
      	at org.apache.maven.surefire.booter.ForkedBooter.main(ForkedBooter.java:121)
      Caused by: org.openqa.selenium.NoSuchElementException: {"errorMessage":"Unable to find element with xpath '//div[@id='main-nav']//a[text()='Books - Children']'","request":{"headers":{"Accept-Encoding":"gzip,deflate","Connection":"Keep-Alive","Content-Length":"79","Content-Type":"application/json; charset=utf-8","Host":"localhost:37783","User-Agent":"Apache-HttpClient/4.5.1 (Java/1.8.0_131)"},"httpVersion":"1.1","method":"POST","post":"{\"using\":\"xpath\",\"value\":\"//div[@id='main-nav']//a[text()='Books - Children']\"}","url":"/element","urlParsed":{"anchor":"","query":"","file":"element","directory":"/","path":"/element","relative":"/element","port":"","host":"","password":"","user":"","userInfo":"","authority":"","protocol":"","source":"/element","queryKey":{},"chunks":["element"]},"urlOriginal":"/session/327c3870-26e8-11e8-8083-69474ac23d5b/element"}}
      For documentation on this error, please visit: http://seleniumhq.org/exceptions/no_such_element.html
      Build info: version: '2.53.1', revision: 'a36b8b1cd5757287168e54b817830adce9b0158d', time: '2016-06-30 19:26:09'
      System info: host: 'Ajit-PC', ip: '192.168.0.109', os.name: 'Windows 10', os.arch: 'amd64', os.version: '10.0', java.version: '1.8.0_131'
      Driver info: driver.version: unknown
      &amp#27;[0m
    &amp#27;[36mThen &amp#27;[0m&amp#27;[36m: I should be at the "&amp#27;[0m&amp#27;[36m&amp#27;[1mBooks - Children&amp#27;[0m&amp#27;[36m" search page with "&amp#27;[0m&amp#27;[36m&amp#27;[1m11 items&amp#27;[0m&amp#27;[36m"&amp#27;[0m &amp#27;[90m# SearchStepDfn._i_should_be_at_the_something_search_page_with_something(String,String)&amp#27;[0m
    &amp#27;[36mAnd &amp#27;[0m&amp#27;[36m: The title should be "&amp#27;[0m&amp#27;[36m&amp#27;[1mBooks - Children&amp#27;[0m&amp#27;[36m" search page&amp#27;[0m                 &amp#27;[90m# SearchStepDfn._the_title_should_be_something_search_page(String)&amp#27;[0m
]]></system-out>
    <system-err><![CDATA[Mar 13, 2018 11:23:34 PM org.openqa.selenium.phantomjs.PhantomJSDriverService <init>
INFO: executable: C:\Users\Ajit\git\SeleniumCucumber\target\test-classes\driver\phantomjs.exe
Mar 13, 2018 11:23:35 PM org.openqa.selenium.phantomjs.PhantomJSDriverService <init>
INFO: port: 11329
Mar 13, 2018 11:23:35 PM org.openqa.selenium.phantomjs.PhantomJSDriverService <init>
INFO: arguments: [--webdriver=11329, --webdriver-logfile=C:\Users\Ajit\git\SeleniumCucumber\target\test-classes\logs\phantomjslogs\phantomjslogs_2018-03-13_23-23-33.log]
Mar 13, 2018 11:23:36 PM org.openqa.selenium.phantomjs.PhantomJSDriverService <init>
INFO: environment: {}
[INFO  - 2018-03-13T17:55:54.724Z] GhostDriver - Main - running on port 11329
Mar 13, 2018 11:26:02 PM org.openqa.selenium.phantomjs.PhantomJSDriverService <init>
INFO: executable: C:\Users\Ajit\git\SeleniumCucumber\target\test-classes\driver\phantomjs.exe
Mar 13, 2018 11:26:02 PM org.openqa.selenium.phantomjs.PhantomJSDriverService <init>
INFO: port: 5593
Mar 13, 2018 11:26:02 PM org.openqa.selenium.phantomjs.PhantomJSDriverService <init>
INFO: arguments: [--webdriver=5593, --webdriver-logfile=C:\Users\Ajit\git\SeleniumCucumber\target\test-classes\logs\phantomjslogs\phantomjslogs_2018-03-13_23-26-02.log]
Mar 13, 2018 11:26:02 PM org.openqa.selenium.phantomjs.PhantomJSDriverService <init>
INFO: environment: {}
Mar 13, 2018 11:27:14 PM org.openqa.selenium.phantomjs.PhantomJSDriverService <init>
INFO: executable: C:\Users\Ajit\git\SeleniumCucumber\target\test-classes\driver\phantomjs.exe
Mar 13, 2018 11:27:14 PM org.openqa.selenium.phantomjs.PhantomJSDriverService <init>
INFO: port: 15278
Mar 13, 2018 11:27:14 PM org.openqa.selenium.phantomjs.PhantomJSDriverService <init>
INFO: arguments: [--webdriver=15278, --webdriver-logfile=C:\Users\Ajit\git\SeleniumCucumber\target\test-classes\logs\phantomjslogs\phantomjslogs_2018-03-13_23-27-14.log]
Mar 13, 2018 11:27:14 PM org.openqa.selenium.phantomjs.PhantomJSDriverService <init>
INFO: environment: {}
Mar 13, 2018 11:27:42 PM org.openqa.selenium.phantomjs.PhantomJSDriverService <init>
INFO: executable: C:\Users\Ajit\git\SeleniumCucumber\target\test-classes\driver\phantomjs.exe
Mar 13, 2018 11:27:42 PM org.openqa.selenium.phantomjs.PhantomJSDriverService <init>
INFO: port: 12290
Mar 13, 2018 11:27:42 PM org.openqa.selenium.phantomjs.PhantomJSDriverService <init>
INFO: arguments: [--webdriver=12290, --webdriver-logfile=C:\Users\Ajit\git\SeleniumCucumber\target\test-classes\logs\phantomjslogs\phantomjslogs_2018-03-13_23-27-42.log]
Mar 13, 2018 11:27:42 PM org.openqa.selenium.phantomjs.PhantomJSDriverService <init>
INFO: environment: {}
[INFO  - 2018-03-13T17:57:59.057Z] GhostDriver - Main - running on port 12290
[INFO  - 2018-03-13T17:58:12.659Z] Session [18e13280-26e8-11e8-bcd5-8f7874271113] - page.settings - {"XSSAuditingEnabled":false,"javascriptCanCloseWindows":true,"javascriptCanOpenWindows":true,"javascriptEnabled":true,"loadImages":true,"localToRemoteUrlAccessEnabled":false,"userAgent":"Mozilla/5.0 (Windows NT 6.2; WOW64) AppleWebKit/538.1 (KHTML, like Gecko) PhantomJS/2.1.1 Safari/538.1","webSecurityEnabled":true}
[INFO  - 2018-03-13T17:58:12.659Z] Session [18e13280-26e8-11e8-bcd5-8f7874271113] - page.customHeaders:  - {}
[INFO  - 2018-03-13T17:58:12.659Z] Session [18e13280-26e8-11e8-bcd5-8f7874271113] - Session.negotiatedCapabilities - {"browserName":"phantomjs","version":"2.1.1","driverName":"ghostdriver","driverVersion":"1.2.0","platform":"windows-10-32bit","javascriptEnabled":true,"takesScreenshot":true,"handlesAlerts":false,"databaseEnabled":false,"locationContextEnabled":false,"applicationCacheEnabled":false,"browserConnectionEnabled":false,"cssSelectorsEnabled":true,"webStorageEnabled":false,"rotatable":false,"acceptSslCerts":false,"nativeEvents":true,"proxy":{"proxyType":"direct"}}
[INFO  - 2018-03-13T17:58:12.659Z] SessionManagerReqHand - _postNewSessionCommand - New Session Created: 18e13280-26e8-11e8-bcd5-8f7874271113
[ERROR - 2018-03-13T17:58:34.253Z] WebElementLocator - _handleLocateCommand - Element(s) NOT Found: GAVE UP. Search Stop Time: 1520963914232

  phantomjs://platform/console++.js:263 in error
[INFO  - 2018-03-13T17:58:38.244Z] ShutdownReqHand - _handle - About to shutdown
Mar 13, 2018 11:28:39 PM org.openqa.selenium.phantomjs.PhantomJSDriverService <init>
INFO: executable: C:\Users\Ajit\git\SeleniumCucumber\target\test-classes\driver\phantomjs.exe
Mar 13, 2018 11:28:39 PM org.openqa.selenium.phantomjs.PhantomJSDriverService <init>
INFO: port: 37783
Mar 13, 2018 11:28:39 PM org.openqa.selenium.phantomjs.PhantomJSDriverService <init>
INFO: arguments: [--webdriver=37783, --webdriver-logfile=C:\Users\Ajit\git\SeleniumCucumber\target\test-classes\logs\phantomjslogs\phantomjslogs_2018-03-13_23-28-39.log]
Mar 13, 2018 11:28:39 PM org.openqa.selenium.phantomjs.PhantomJSDriverService <init>
INFO: environment: {}
[INFO  - 2018-03-13T17:58:55.467Z] GhostDriver - Main - running on port 37783
[INFO  - 2018-03-13T17:58:55.616Z] Session [327c3870-26e8-11e8-8083-69474ac23d5b] - page.settings - {"XSSAuditingEnabled":false,"javascriptCanCloseWindows":true,"javascriptCanOpenWindows":true,"javascriptEnabled":true,"loadImages":true,"localToRemoteUrlAccessEnabled":false,"userAgent":"Mozilla/5.0 (Windows NT 6.2; WOW64) AppleWebKit/538.1 (KHTML, like Gecko) PhantomJS/2.1.1 Safari/538.1","webSecurityEnabled":true}
[INFO  - 2018-03-13T17:58:55.617Z] Session [327c3870-26e8-11e8-8083-69474ac23d5b] - page.customHeaders:  - {}
[INFO  - 2018-03-13T17:58:55.617Z] Session [327c3870-26e8-11e8-8083-69474ac23d5b] - Session.negotiatedCapabilities - {"browserName":"phantomjs","version":"2.1.1","driverName":"ghostdriver","driverVersion":"1.2.0","platform":"windows-10-32bit","javascriptEnabled":true,"takesScreenshot":true,"handlesAlerts":false,"databaseEnabled":false,"locationContextEnabled":false,"applicationCacheEnabled":false,"browserConnectionEnabled":false,"cssSelectorsEnabled":true,"webStorageEnabled":false,"rotatable":false,"acceptSslCerts":false,"nativeEvents":true,"proxy":{"proxyType":"direct"}}
[INFO  - 2018-03-13T17:58:55.617Z] SessionManagerReqHand - _postNewSessionCommand - New Session Created: 327c3870-26e8-11e8-8083-69474ac23d5b
[ERROR - 2018-03-13T17:59:06.551Z] WebElementLocator - _handleLocateCommand - Element(s) NOT Found: GAVE UP. Search Stop Time: 1520963946533

  phantomjs://platform/console++.js:263 in error
[INFO  - 2018-03-13T17:59:07.065Z] ShutdownReqHand - _handle - About to shutdown
]]></system-err>
  </testcase>
  <testcase name="feature" classname="com.cucumber.framework.runner.LaptopFeatureRunner" time="50.205">
    <failure message="org.openqa.selenium.SessionNotCreatedException: session not created exception&#10;from unknown error: Runtime.executionContextCreated has invalid &apos;context&apos;: {&quot;auxData&quot;:{&quot;frameId&quot;:&quot;(46BF039A1906B29B7506AC2DB9B1D2A4)&quot;,&quot;isDefault&quot;:true},&quot;id&quot;:1,&quot;name&quot;:&quot;&quot;,&quot;origin&quot;:&quot;://&quot;}&#10;  (Session info: chrome=64.0.3282.186)&#10;  (Driver info: chromedriver=2.22.397933 (1cab651507b88dec79b2b2a22d1943c01833cc1b),platform=Windows NT 10.0.16299 x86_64) (WARNING: The server did not provide any stacktrace information)&#10;Command duration or timeout: 48.22 seconds&#10;Build info: version: &apos;2.53.1&apos;, revision: &apos;a36b8b1cd5757287168e54b817830adce9b0158d&apos;, time: &apos;2016-06-30 19:26:09&apos;&#10;System info: host: &apos;Ajit-PC&apos;, ip: &apos;192.168.0.109&apos;, os.name: &apos;Windows 10&apos;, os.arch: &apos;amd64&apos;, os.version: &apos;10.0&apos;, java.version: &apos;1.8.0_131&apos;&#10;Driver info: org.openqa.selenium.chrome.ChromeDriver" type="cucumber.runtime.CucumberException">cucumber.runtime.CucumberException: 
org.openqa.selenium.SessionNotCreatedException: session not created exception
from unknown error: Runtime.executionContextCreated has invalid 'context': {"auxData":{"frameId":"(46BF039A1906B29B7506AC2DB9B1D2A4)","isDefault":true},"id":1,"name":"","origin":"://"}
  (Session info: chrome=64.0.3282.186)
  (Driver info: chromedriver=2.22.397933 (1cab651507b88dec79b2b2a22d1943c01833cc1b),platform=Windows NT 10.0.16299 x86_64) (WARNING: The server did not provide any stacktrace information)
Command duration or timeout: 48.22 seconds
Build info: version: '2.53.1', revision: 'a36b8b1cd5757287168e54b817830adce9b0158d', time: '2016-06-30 19:26:09'
System info: host: 'Ajit-PC', ip: '192.168.0.109', os.name: 'Windows 10', os.arch: 'amd64', os.version: '10.0', java.version: '1.8.0_131'
Driver info: org.openqa.selenium.chrome.ChromeDriver
Caused by: org.openqa.selenium.SessionNotCreatedException: 
session not created exception
from unknown error: Runtime.executionContextCreated has invalid 'context': {"auxData":{"frameId":"(46BF039A1906B29B7506AC2DB9B1D2A4)","isDefault":true},"id":1,"name":"","origin":"://"}
  (Session info: chrome=64.0.3282.186)
  (Driver info: chromedriver=2.22.397933 (1cab651507b88dec79b2b2a22d1943c01833cc1b),platform=Windows NT 10.0.16299 x86_64) (WARNING: The server did not provide any stacktrace information)
Command duration or timeout: 48.22 seconds
Build info: version: '2.53.1', revision: 'a36b8b1cd5757287168e54b817830adce9b0158d', time: '2016-06-30 19:26:09'
System info: host: 'Ajit-PC', ip: '192.168.0.109', os.name: 'Windows 10', os.arch: 'amd64', os.version: '10.0', java.version: '1.8.0_131'
Driver info: org.openqa.selenium.chrome.ChromeDriver
</failure>
    <system-out><![CDATA[
&amp#27;[31mFailed scenarios:&amp#27;[0m
&amp#27;[31mfeaturefile/Search.feature:3 &amp#27;[0m# Scenario: Search based on laptops
&amp#27;[31mfeaturefile/Search.feature:9 &amp#27;[0m# Scenario: Search based on Tablets
&amp#27;[31mfeaturefile/Search.feature:15 &amp#27;[0m# Scenario: Search based on Cameras
&amp#27;[31mfeaturefile/Search.feature:21 &amp#27;[0m# Scenario: Search based on Mobile Phones
&amp#27;[31mfeaturefile/Search.feature:27 &amp#27;[0m# Scenario: Search based on Books

5 Scenarios (&amp#27;[31m5 failed&amp#27;[0m)
20 Steps (&amp#27;[31m2 failed&amp#27;[0m, &amp#27;[36m16 skipped&amp#27;[0m, &amp#27;[32m2 passed&amp#27;[0m)
5m27.110s

org.openqa.selenium.remote.UnreachableBrowserException: Could not start a new session. Possible causes are invalid address of the remote server or browser start-up failure.
Build info: version: '2.53.1', revision: 'a36b8b1cd5757287168e54b817830adce9b0158d', time: '2016-06-30 19:26:09'
System info: host: 'Ajit-PC', ip: '192.168.0.109', os.name: 'Windows 10', os.arch: 'amd64', os.version: '10.0', java.version: '1.8.0_131'
Driver info: driver.version: PhantomJSDriver
	at org.openqa.selenium.remote.RemoteWebDriver.execute(RemoteWebDriver.java:665)
	at org.openqa.selenium.remote.RemoteWebDriver.startSession(RemoteWebDriver.java:249)
	at org.openqa.selenium.remote.RemoteWebDriver.<init>(RemoteWebDriver.java:131)
	at org.openqa.selenium.remote.RemoteWebDriver.<init>(RemoteWebDriver.java:144)
	at org.openqa.selenium.phantomjs.PhantomJSDriver.<init>(PhantomJSDriver.java:116)
	at com.cucumber.framework.configuration.browser.PhantomJsBrowser.getPhantomJsDriver(PhantomJsBrowser.java:53)
	at com.cucumber.framework.helper.InitializeWebDrive.standAloneStepUp(InitializeWebDrive.java:71)
	at com.cucumber.framework.helper.InitializeWebDrive.setUpDriver(InitializeWebDrive.java:146)
	at com.cucumber.framework.helper.InitializeWebDrive.before(InitializeWebDrive.java:87)
	at sun.reflect.NativeMethodAccessorImpl.invoke0(Native Method)
	at sun.reflect.NativeMethodAccessorImpl.invoke(NativeMethodAccessorImpl.java:62)
	at sun.reflect.DelegatingMethodAccessorImpl.invoke(DelegatingMethodAccessorImpl.java:43)
	at java.lang.reflect.Method.invoke(Method.java:498)
	at cucumber.runtime.Utils$1.call(Utils.java:37)
	at cucumber.runtime.Timeout.timeout(Timeout.java:13)
	at cucumber.runtime.Utils.invoke(Utils.java:31)
	at cucumber.runtime.java.JavaHookDefinition.execute(JavaHookDefinition.java:60)
	at cucumber.runtime.Runtime.runHookIfTagsMatch(Runtime.java:223)
	at cucumber.runtime.Runtime.runHooks(Runtime.java:211)
	at cucumber.runtime.Runtime.runBeforeHooks(Runtime.java:201)
	at cucumber.runtime.model.CucumberScenario.run(CucumberScenario.java:40)
	at cucumber.runtime.model.CucumberFeature.run(CucumberFeature.java:165)
	at cucumber.api.testng.TestNGCucumberRunner.runCucumber(TestNGCucumberRunner.java:63)
	at cucumber.api.testng.AbstractTestNGCucumberTests.feature(AbstractTestNGCucumberTests.java:21)
	at sun.reflect.NativeMethodAccessorImpl.invoke0(Native Method)
	at sun.reflect.NativeMethodAccessorImpl.invoke(NativeMethodAccessorImpl.java:62)
	at sun.reflect.DelegatingMethodAccessorImpl.invoke(DelegatingMethodAccessorImpl.java:43)
	at java.lang.reflect.Method.invoke(Method.java:498)
	at org.testng.internal.MethodInvocationHelper.invokeMethod(MethodInvocationHelper.java:86)
	at org.testng.internal.Invoker.invokeMethod(Invoker.java:643)
	at org.testng.internal.Invoker.invokeTestMethod(Invoker.java:820)
	at org.testng.internal.Invoker.invokeTestMethods(Invoker.java:1128)
	at org.testng.internal.TestMethodWorker.invokeTestMethods(TestMethodWorker.java:129)
	at org.testng.internal.TestMethodWorker.run(TestMethodWorker.java:112)
	at org.testng.TestRunner.privateRun(TestRunner.java:782)
	at org.testng.TestRunner.run(TestRunner.java:632)
	at org.testng.SuiteRunner.runTest(SuiteRunner.java:366)
	at org.testng.SuiteRunner.runSequentially(SuiteRunner.java:361)
	at org.testng.SuiteRunner.privateRun(SuiteRunner.java:319)
	at org.testng.SuiteRunner.run(SuiteRunner.java:268)
	at org.testng.SuiteRunnerWorker.runSuite(SuiteRunnerWorker.java:52)
	at org.testng.SuiteRunnerWorker.run(SuiteRunnerWorker.java:86)
	at org.testng.TestNG.runSuitesSequentially(TestNG.java:1244)
	at org.testng.TestNG.runSuitesLocally(TestNG.java:1169)
	at org.testng.TestNG.run(TestNG.java:1064)
	at org.apache.maven.surefire.testng.TestNGExecutor.run(TestNGExecutor.java:281)
	at org.apache.maven.surefire.testng.TestNGXmlTestSuite.execute(TestNGXmlTestSuite.java:75)
	at org.apache.maven.surefire.testng.TestNGProvider.invoke(TestNGProvider.java:121)
	at org.apache.maven.surefire.booter.ForkedBooter.invokeProviderInSameClassLoader(ForkedBooter.java:290)
	at org.apache.maven.surefire.booter.ForkedBooter.runSuitesInProcess(ForkedBooter.java:242)
	at org.apache.maven.surefire.booter.ForkedBooter.main(ForkedBooter.java:121)
Caused by: java.lang.IllegalStateException: The process has not exited yet therefore no result is available ...
	at org.apache.commons.exec.DefaultExecuteResultHandler.getException(DefaultExecuteResultHandler.java:76)
	at org.openqa.selenium.os.UnixProcess.checkForError(UnixProcess.java:171)
	at org.openqa.selenium.os.CommandLine.checkForError(CommandLine.java:185)
	at org.openqa.selenium.remote.service.DriverService.waitUntilAvailable(DriverService.java:177)
	at org.openqa.selenium.remote.service.DriverService.start(DriverService.java:166)
	at org.openqa.selenium.phantomjs.PhantomJSCommandExecutor.execute(PhantomJSCommandExecutor.java:78)
	at org.openqa.selenium.remote.RemoteWebDriver.execute(RemoteWebDriver.java:644)
	... 50 more

org.openqa.selenium.remote.UnreachableBrowserException: Could not start a new session. Possible causes are invalid address of the remote server or browser start-up failure.
Build info: version: '2.53.1', revision: 'a36b8b1cd5757287168e54b817830adce9b0158d', time: '2016-06-30 19:26:09'
System info: host: 'Ajit-PC', ip: '192.168.0.109', os.name: 'Windows 10', os.arch: 'amd64', os.version: '10.0', java.version: '1.8.0_131'
Driver info: driver.version: PhantomJSDriver
	at org.openqa.selenium.remote.RemoteWebDriver.execute(RemoteWebDriver.java:665)
	at org.openqa.selenium.remote.RemoteWebDriver.startSession(RemoteWebDriver.java:249)
	at org.openqa.selenium.remote.RemoteWebDriver.<init>(RemoteWebDriver.java:131)
	at org.openqa.selenium.remote.RemoteWebDriver.<init>(RemoteWebDriver.java:144)
	at org.openqa.selenium.phantomjs.PhantomJSDriver.<init>(PhantomJSDriver.java:116)
	at com.cucumber.framework.configuration.browser.PhantomJsBrowser.getPhantomJsDriver(PhantomJsBrowser.java:53)
	at com.cucumber.framework.helper.InitializeWebDrive.standAloneStepUp(InitializeWebDrive.java:71)
	at com.cucumber.framework.helper.InitializeWebDrive.setUpDriver(InitializeWebDrive.java:146)
	at com.cucumber.framework.helper.InitializeWebDrive.before(InitializeWebDrive.java:87)
	at sun.reflect.NativeMethodAccessorImpl.invoke0(Native Method)
	at sun.reflect.NativeMethodAccessorImpl.invoke(NativeMethodAccessorImpl.java:62)
	at sun.reflect.DelegatingMethodAccessorImpl.invoke(DelegatingMethodAccessorImpl.java:43)
	at java.lang.reflect.Method.invoke(Method.java:498)
	at cucumber.runtime.Utils$1.call(Utils.java:37)
	at cucumber.runtime.Timeout.timeout(Timeout.java:13)
	at cucumber.runtime.Utils.invoke(Utils.java:31)
	at cucumber.runtime.java.JavaHookDefinition.execute(JavaHookDefinition.java:60)
	at cucumber.runtime.Runtime.runHookIfTagsMatch(Runtime.java:223)
	at cucumber.runtime.Runtime.runHooks(Runtime.java:211)
	at cucumber.runtime.Runtime.runBeforeHooks(Runtime.java:201)
	at cucumber.runtime.model.CucumberScenario.run(CucumberScenario.java:40)
	at cucumber.runtime.model.CucumberFeature.run(CucumberFeature.java:165)
	at cucumber.api.testng.TestNGCucumberRunner.runCucumber(TestNGCucumberRunner.java:63)
	at cucumber.api.testng.AbstractTestNGCucumberTests.feature(AbstractTestNGCucumberTests.java:21)
	at sun.reflect.NativeMethodAccessorImpl.invoke0(Native Method)
	at sun.reflect.NativeMethodAccessorImpl.invoke(NativeMethodAccessorImpl.java:62)
	at sun.reflect.DelegatingMethodAccessorImpl.invoke(DelegatingMethodAccessorImpl.java:43)
	at java.lang.reflect.Method.invoke(Method.java:498)
	at org.testng.internal.MethodInvocationHelper.invokeMethod(MethodInvocationHelper.java:86)
	at org.testng.internal.Invoker.invokeMethod(Invoker.java:643)
	at org.testng.internal.Invoker.invokeTestMethod(Invoker.java:820)
	at org.testng.internal.Invoker.invokeTestMethods(Invoker.java:1128)
	at org.testng.internal.TestMethodWorker.invokeTestMethods(TestMethodWorker.java:129)
	at org.testng.internal.TestMethodWorker.run(TestMethodWorker.java:112)
	at org.testng.TestRunner.privateRun(TestRunner.java:782)
	at org.testng.TestRunner.run(TestRunner.java:632)
	at org.testng.SuiteRunner.runTest(SuiteRunner.java:366)
	at org.testng.SuiteRunner.runSequentially(SuiteRunner.java:361)
	at org.testng.SuiteRunner.privateRun(SuiteRunner.java:319)
	at org.testng.SuiteRunner.run(SuiteRunner.java:268)
	at org.testng.SuiteRunnerWorker.runSuite(SuiteRunnerWorker.java:52)
	at org.testng.SuiteRunnerWorker.run(SuiteRunnerWorker.java:86)
	at org.testng.TestNG.runSuitesSequentially(TestNG.java:1244)
	at org.testng.TestNG.runSuitesLocally(TestNG.java:1169)
	at org.testng.TestNG.run(TestNG.java:1064)
	at org.apache.maven.surefire.testng.TestNGExecutor.run(TestNGExecutor.java:281)
	at org.apache.maven.surefire.testng.TestNGXmlTestSuite.execute(TestNGXmlTestSuite.java:75)
	at org.apache.maven.surefire.testng.TestNGProvider.invoke(TestNGProvider.java:121)
	at org.apache.maven.surefire.booter.ForkedBooter.invokeProviderInSameClassLoader(ForkedBooter.java:290)
	at org.apache.maven.surefire.booter.ForkedBooter.runSuitesInProcess(ForkedBooter.java:242)
	at org.apache.maven.surefire.booter.ForkedBooter.main(ForkedBooter.java:121)
Caused by: java.lang.IllegalStateException: The process has not exited yet therefore no result is available ...
	at org.apache.commons.exec.DefaultExecuteResultHandler.getException(DefaultExecuteResultHandler.java:76)
	at org.openqa.selenium.os.UnixProcess.checkForError(UnixProcess.java:171)
	at org.openqa.selenium.os.CommandLine.checkForError(CommandLine.java:185)
	at org.openqa.selenium.remote.service.DriverService.waitUntilAvailable(DriverService.java:177)
	at org.openqa.selenium.remote.service.DriverService.start(DriverService.java:166)
	at org.openqa.selenium.phantomjs.PhantomJSCommandExecutor.execute(PhantomJSCommandExecutor.java:78)
	at org.openqa.selenium.remote.RemoteWebDriver.execute(RemoteWebDriver.java:644)
	... 50 more

org.openqa.selenium.remote.UnreachableBrowserException: Could not start a new session. Possible causes are invalid address of the remote server or browser start-up failure.
Build info: version: '2.53.1', revision: 'a36b8b1cd5757287168e54b817830adce9b0158d', time: '2016-06-30 19:26:09'
System info: host: 'Ajit-PC', ip: '192.168.0.109', os.name: 'Windows 10', os.arch: 'amd64', os.version: '10.0', java.version: '1.8.0_131'
Driver info: driver.version: PhantomJSDriver
	at org.openqa.selenium.remote.RemoteWebDriver.execute(RemoteWebDriver.java:665)
	at org.openqa.selenium.remote.RemoteWebDriver.startSession(RemoteWebDriver.java:249)
[...]
      	at cucumber.runtime.Runtime.runHooks(Runtime.java:211)
      	at cucumber.runtime.Runtime.runBeforeHooks(Runtime.java:201)
      	at cucumber.runtime.model.CucumberScenario.run(CucumberScenario.java:40)
      	at cucumber.runtime.model.CucumberFeature.run(CucumberFeature.java:165)
      	at cucumber.api.testng.TestNGCucumberRunner.runCucumber(TestNGCucumberRunner.java:63)
      	at cucumber.api.testng.AbstractTestNGCucumberTests.feature(AbstractTestNGCucumberTests.java:21)
      	at sun.reflect.NativeMethodAccessorImpl.invoke0(Native Method)
      	at sun.reflect.NativeMethodAccessorImpl.invoke(NativeMethodAccessorImpl.java:62)
      	at sun.reflect.DelegatingMethodAccessorImpl.invoke(DelegatingMethodAccessorImpl.java:43)
      	at java.lang.reflect.Method.invoke(Method.java:498)
      	at org.testng.internal.MethodInvocationHelper.invokeMethod(MethodInvocationHelper.java:86)
      	at org.testng.internal.Invoker.invokeMethod(Invoker.java:643)
      	at org.testng.internal.Invoker.invokeTestMethod(Invoker.java:820)
      	at org.testng.internal.Invoker.invokeTestMethods(Invoker.java:1128)
      	at org.testng.internal.TestMethodWorker.invokeTestMethods(TestMethodWorker.java:129)
      	at org.testng.internal.TestMethodWorker.run(TestMethodWorker.java:112)
      	at org.testng.TestRunner.privateRun(TestRunner.java:782)
      	at org.testng.TestRunner.run(TestRunner.java:632)
      	at org.testng.SuiteRunner.runTest(SuiteRunner.java:366)
      	at org.testng.SuiteRunner.runSequentially(SuiteRunner.java:361)
      	at org.testng.SuiteRunner.privateRun(SuiteRunner.java:319)
      	at org.testng.SuiteRunner.run(SuiteRunner.java:268)
      	at org.testng.SuiteRunnerWorker.runSuite(SuiteRunnerWorker.java:52)
      	at org.testng.SuiteRunnerWorker.run(SuiteRunnerWorker.java:86)
      	at org.testng.TestNG.runSuitesSequentially(TestNG.java:1244)
      	at org.testng.TestNG.runSuitesLocally(TestNG.java:1169)
      	at org.testng.TestNG.run(TestNG.java:1064)
      	at org.apache.maven.surefire.testng.TestNGExecutor.run(TestNGExecutor.java:281)
      	at org.apache.maven.surefire.testng.TestNGXmlTestSuite.execute(TestNGXmlTestSuite.java:75)
      	at org.apache.maven.surefire.testng.TestNGProvider.invoke(TestNGProvider.java:121)
      	at org.apache.maven.surefire.booter.ForkedBooter.invokeProviderInSameClassLoader(ForkedBooter.java:290)
      	at org.apache.maven.surefire.booter.ForkedBooter.runSuitesInProcess(ForkedBooter.java:242)
      	at org.apache.maven.surefire.booter.ForkedBooter.main(ForkedBooter.java:121)
      &amp#27;[0m

  @firefox
  Scenario: Validation of Item Bag page                                    &amp#27;[90m# featurefile/SearchWithFilter.feature:13&amp#27;[0m
    &amp#27;[36mGiven &amp#27;[0m&amp#27;[36m: I am at the home page&amp#27;[0m                                          &amp#27;[90m# SearchStepDfn._i_am_at_the_home_page()&amp#27;[0m
    &amp#27;[36mWhen &amp#27;[0m&amp#27;[36m: I click on the "&amp#27;[0m&amp#27;[36m&amp#27;[1mSpeakers&amp#27;[0m&amp#27;[36m" search filter&amp#27;[0m                         &amp#27;[90m# SearchStepDfn._i_click_on_the_something_search_filter(String)&amp#27;[0m
    &amp#27;[36mThen &amp#27;[0m&amp#27;[36m: I should be at the "&amp#27;[0m&amp#27;[36m&amp#27;[1mSpeakers&amp#27;[0m&amp#27;[36m" search page with "&amp#27;[0m&amp#27;[36m&amp#27;[1m32 items&amp#27;[0m&amp#27;[36m"&amp#27;[0m       &amp#27;[90m# SearchStepDfn._i_should_be_at_the_something_search_page_with_something(String,String)&amp#27;[0m
    &amp#27;[36mAnd &amp#27;[0m&amp#27;[36m: The title should be "&amp#27;[0m&amp#27;[36m&amp#27;[1mSpeakers&amp#27;[0m&amp#27;[36m" search page&amp#27;[0m                       &amp#27;[90m# SearchStepDfn._the_title_should_be_something_search_page(String)&amp#27;[0m
    &amp#27;[36mThen &amp#27;[0m&amp#27;[36m: I select "&amp#27;[0m&amp#27;[36m&amp#27;[1mSONY&amp#27;[0m&amp#27;[36m" as the brand&amp#27;[0m                                    &amp#27;[90m# SearchWithFilter._i_select_something_as_the_brand(String)&amp#27;[0m
    &amp#27;[36mAnd &amp#27;[0m&amp#27;[36m: I select "&amp#27;[0m&amp#27;[36m&amp#27;[1m£40 - £80&amp#27;[0m&amp#27;[36m" as the price filter&amp#27;[0m                         &amp#27;[90m# SearchWithFilter._i_select_something_as_the_price_filter(String)&amp#27;[0m
    &amp#27;[36mThen &amp#27;[0m&amp#27;[36m: I should be at the "&amp#27;[0m&amp#27;[36m&amp#27;[1mSpeakers&amp#27;[0m&amp#27;[36m" search page with "&amp#27;[0m&amp#27;[36m&amp#27;[1m3 items&amp#27;[0m&amp#27;[36m"&amp#27;[0m        &amp#27;[90m# SearchStepDfn._i_should_be_at_the_something_search_page_with_something(String,String)&amp#27;[0m
    &amp#27;[36mThen &amp#27;[0m&amp#27;[36m: I select the "&amp#27;[0m&amp#27;[36m&amp#27;[1mSONY X11&amp#27;[0m&amp#27;[36m" with description as "&amp#27;[0m&amp#27;[36m&amp#27;[1mWhite&amp#27;[0m&amp#27;[36m"&amp#27;[0m             &amp#27;[90m# LaptopCart._i_select_the_something_with_description_as_something(String,String)&amp#27;[0m
    &amp#27;[36mAnd &amp#27;[0m&amp#27;[36m: Add it to the cart&amp#27;[0m                                               &amp#27;[90m# LaptopCart._add_it_to_the_cart()&amp#27;[0m
    &amp#27;[36mThen &amp#27;[0m&amp#27;[36m: I change the quantity to "&amp#27;[0m&amp#27;[36m&amp#27;[1m2&amp#27;[0m&amp#27;[36m" and click on update button&amp#27;[0m         &amp#27;[90m# SearchWithFilter._i_change_the_quantity_to_something_and_click_on_update_button(String)&amp#27;[0m
    &amp#27;[36mThen &amp#27;[0m&amp#27;[36m: Navigate to user details page and provide the following details&amp#27;[0m &amp#27;[90m# LaptopCart._navigate_to_user_details_page_and_provide_the_following_details(String,String>)&amp#27;[0m
2018-03-13 23:32:23 [INFO ] [InitializeWebDrive] - [afterChrome] 

  @chrome
  Scenario: Adding multiple item into the cart                                                          &amp#27;[90m# featurefile/SearchWithFilter.feature:37&amp#27;[0m
    &amp#27;[36mGiven &amp#27;[0m&amp#27;[36m: I am at the home page&amp#27;[0m                                                                       &amp#27;[90m# SearchStepDfn._i_am_at_the_home_page()&amp#27;[0m
    &amp#27;[36mWhen &amp#27;[0m&amp#27;[36m: I click on the "&amp#27;[0m&amp#27;[36m&amp#27;[1mHeadphones&amp#27;[0m&amp#27;[36m" search filter&amp#27;[0m                                                    &amp#27;[90m# SearchStepDfn._i_click_on_the_something_search_filter(String)&amp#27;[0m
    &amp#27;[36mThen &amp#27;[0m&amp#27;[36m: I select "&amp#27;[0m&amp#27;[36m&amp#27;[1mJABRA&amp#27;[0m&amp#27;[36m" as the brand&amp#27;[0m                                                                &amp#27;[90m# SearchWithFilter._i_select_something_as_the_brand(String)&amp#27;[0m
    &amp#27;[36mAnd &amp#27;[0m&amp#27;[36m: I select "&amp#27;[0m&amp#27;[36m&amp#27;[1m£70 - £105&amp#27;[0m&amp#27;[36m" as the price filter&amp#27;[0m                                                     &amp#27;[90m# SearchWithFilter._i_select_something_as_the_price_filter(String)&amp#27;[0m
    &amp#27;[36mThen &amp#27;[0m&amp#27;[36m: I select the "&amp#27;[0m&amp#27;[36m&amp#27;[1mJABRA Coach Headphones&amp#27;[0m&amp#27;[36m" with description as "&amp#27;[0m&amp#27;[36m&amp#27;[1mBlue&amp#27;[0m&amp#27;[36m"&amp#27;[0m                             &amp#27;[90m# LaptopCart._i_select_the_something_with_description_as_something(String,String)&amp#27;[0m
    &amp#27;[36mAnd &amp#27;[0m&amp#27;[36m: Add it to the cart&amp#27;[0m                                                                            &amp#27;[90m# LaptopCart._add_it_to_the_cart()&amp#27;[0m
    &amp#27;[36mWhen &amp#27;[0m&amp#27;[36m: I click on the "&amp#27;[0m&amp#27;[36m&amp#27;[1mSmart Devices&amp#27;[0m&amp#27;[36m" search filter&amp#27;[0m                                                 &amp#27;[90m# SearchStepDfn._i_click_on_the_something_search_filter(String)&amp#27;[0m
    &amp#27;[36mThen &amp#27;[0m&amp#27;[36m: I select "&amp#27;[0m&amp#27;[36m&amp#27;[1mSAMSUNG&amp#27;[0m&amp#27;[36m" as the brand&amp#27;[0m                                                              &amp#27;[90m# SearchWithFilter._i_select_something_as_the_brand(String)&amp#27;[0m
    &amp#27;[36mThen &amp#27;[0m&amp#27;[36m: I select the "&amp#27;[0m&amp#27;[36m&amp#27;[1mSAMSUNG Gear S2 Smartwatch&amp#27;[0m&amp#27;[36m" with description as "&amp#27;[0m&amp#27;[36m&amp#27;[1mBlack&amp#27;[0m&amp#27;[36m"&amp#27;[0m                        &amp#27;[90m# LaptopCart._i_select_the_something_with_description_as_something(String,String)&amp#27;[0m
    &amp#27;[36mAnd &amp#27;[0m&amp#27;[36m: Add it to the cart&amp#27;[0m                                                                            &amp#27;[90m# LaptopCart._add_it_to_the_cart()&amp#27;[0m
    &amp#27;[36mThen &amp#27;[0m&amp#27;[36m: I change the quantity of item "&amp#27;[0m&amp#27;[36m&amp#27;[1mSAMSUNG Gear S2 Smartwatch&amp#27;[0m&amp#27;[36m" to "&amp#27;[0m&amp#27;[36m&amp#27;[1m3&amp#27;[0m&amp#27;[36m" and click on update button&amp#27;[0m &amp#27;[90m# SearchWithFilter._i_change_the_quantity_of_item_something_to_something_and_click_on_update_button(String,String)&amp#27;[0m
    &amp#27;[36mThen &amp#27;[0m&amp#27;[36m: Navigate to user details page and provide the following details&amp#27;[0m                              &amp#27;[90m# LaptopCart._navigate_to_user_details_page_and_provide_the_following_details(String,String>)&amp#27;[0m
]]></system-out>
    <system-err><![CDATA[Mar 13, 2018 11:30:28 PM org.openqa.selenium.phantomjs.PhantomJSDriverService <init>
INFO: executable: C:\Users\Ajit\git\SeleniumCucumber\target\test-classes\driver\phantomjs.exe
Mar 13, 2018 11:30:28 PM org.openqa.selenium.phantomjs.PhantomJSDriverService <init>
INFO: port: 1653
Mar 13, 2018 11:30:28 PM org.openqa.selenium.phantomjs.PhantomJSDriverService <init>
INFO: arguments: [--webdriver=1653, --webdriver-logfile=C:\Users\Ajit\git\SeleniumCucumber\target\test-classes\logs\phantomjslogs\phantomjslogs_2018-03-13_23-30-28.log]
Mar 13, 2018 11:30:28 PM org.openqa.selenium.phantomjs.PhantomJSDriverService <init>
INFO: environment: {}
[INFO  - 2018-03-13T18:00:44.483Z] GhostDriver - Main - running on port 1653
[INFO  - 2018-03-13T18:00:45.231Z] Session [73d22460-26e8-11e8-853f-11f5334d38a7] - page.settings - {"XSSAuditingEnabled":false,"javascriptCanCloseWindows":true,"javascriptCanOpenWindows":true,"javascriptEnabled":true,"loadImages":true,"localToRemoteUrlAccessEnabled":false,"userAgent":"Mozilla/5.0 (Windows NT 6.2; WOW64) AppleWebKit/538.1 (KHTML, like Gecko) PhantomJS/2.1.1 Safari/538.1","webSecurityEnabled":true}
[INFO  - 2018-03-13T18:00:45.231Z] Session [73d22460-26e8-11e8-853f-11f5334d38a7] - page.customHeaders:  - {}
[INFO  - 2018-03-13T18:00:45.231Z] Session [73d22460-26e8-11e8-853f-11f5334d38a7] - Session.negotiatedCapabilities - {"browserName":"phantomjs","version":"2.1.1","driverName":"ghostdriver","driverVersion":"1.2.0","platform":"windows-10-32bit","javascriptEnabled":true,"takesScreenshot":true,"handlesAlerts":false,"databaseEnabled":false,"locationContextEnabled":false,"applicationCacheEnabled":false,"browserConnectionEnabled":false,"cssSelectorsEnabled":true,"webStorageEnabled":false,"rotatable":false,"acceptSslCerts":false,"nativeEvents":true,"proxy":{"proxyType":"direct"}}
[INFO  - 2018-03-13T18:00:45.232Z] SessionManagerReqHand - _postNewSessionCommand - New Session Created: 73d22460-26e8-11e8-853f-11f5334d38a7
[ERROR - 2018-03-13T18:00:48.451Z] WebElementLocator - _handleLocateCommand - Element(s) NOT Found: GAVE UP. Search Stop Time: 1520964048440

  phantomjs://platform/console++.js:263 in error
[INFO  - 2018-03-13T18:00:48.951Z] ShutdownReqHand - _handle - About to shutdown
org.openqa.selenium.firefox.NotConnectedException: Unable to connect to host 127.0.0.1 on port 7055 after 45000 ms. Firefox console output:
tate":0,"blocklistURL":null,"startupData":null}
1520964083271	addons.xpi	DEBUG	Updating database with changes to installed add-ons
1520964083271	addons.xpi-utils	DEBUG	Updating add-on states
1520964083279	addons.xpi	DEBUG	Registering manifest for C:\Program Files (x86)\Mozilla Firefox\browser\features\activity-stream@mozilla.org.xpi
1520964083280	addons.xpi	DEBUG	Calling bootstrap method startup on activity-stream@mozilla.org version 2018.01.04.0062-4997c81d
1520964083281	addons.xpi	DEBUG	Registering manifest for C:\Program Files (x86)\Mozilla Firefox\browser\features\aushelper@mozilla.org.xpi
1520964083281	addons.xpi	DEBUG	Calling bootstrap method startup on aushelper@mozilla.org version 2.0
1520964083283	addons.xpi	DEBUG	Registering manifest for C:\Program Files (x86)\Mozilla Firefox\browser\features\firefox@getpocket.com.xpi
1520964083284	addons.xpi	DEBUG	Calling bootstrap method startup on firefox@getpocket.com version 1.0.5
1520964083390	addons.xpi	DEBUG	Registering manifest for C:\Program Files (x86)\Mozilla Firefox\browser\features\followonsearch@mozilla.com.xpi
1520964083392	addons.xpi	DEBUG	Calling bootstrap method startup on followonsearch@mozilla.com version 0.9.6
1520964083393	addons.xpi	DEBUG	Registering manifest for C:\Program Files (x86)\Mozilla Firefox\browser\features\formautofill@mozilla.org.xpi
1520964083394	addons.xpi	DEBUG	Calling bootstrap method startup on formautofill@mozilla.org version 1.0
1520964083395	addons.xpi	DEBUG	Registering manifest for C:\Program Files (x86)\Mozilla Firefox\browser\features\onboarding@mozilla.org.xpi
1520964083396	addons.xpi	DEBUG	Calling bootstrap method startup on onboarding@mozilla.org version 1.0
1520964083397	addons.xpi	DEBUG	Registering manifest for C:\Program Files (x86)\Mozilla Firefox\browser\features\screenshots@mozilla.org.xpi
1520964083397	addons.xpi	DEBUG	Calling bootstrap method startup on screenshots@mozilla.org version 25.0.0
1520964083398	addons.xpi	DEBUG	Registering manifest for C:\Program Files (x86)\Mozilla Firefox\browser\features\shield-recipe-client@mozilla.org.xpi
1520964083399	addons.xpi	DEBUG	Calling bootstrap method startup on shield-recipe-client@mozilla.org version 76.1
1520964083451	addons.xpi	DEBUG	Registering manifest for C:\Program Files (x86)\Mozilla Firefox\browser\features\webcompat@mozilla.org.xpi
1520964083452	addons.xpi	DEBUG	Calling bootstrap method startup on webcompat@mozilla.org version 1.1
1520964083490	addons.manager	DEBUG	Registering shutdown blocker for XPIProvider
1520964083490	addons.manager	DEBUG	Provider finished startup: XPIProvider
1520964083490	addons.manager	DEBUG	Starting provider: LightweightThemeManager
1520964083490	addons.manager	DEBUG	Registering shutdown blocker for LightweightThemeManager
1520964083491	addons.manager	DEBUG	Provider finished startup: LightweightThemeManager
1520964083492	addons.manager	DEBUG	Starting provider: GMPProvider
1520964083512	addons.manager	DEBUG	Registering shutdown blocker for GMPProvider
1520964083513	addons.manager	DEBUG	Provider finished startup: GMPProvider
1520964083513	addons.manager	DEBUG	Starting provider: PluginProvider
1520964083513	addons.manager	DEBUG	Registering shutdown blocker for PluginProvider
1520964083513	addons.manager	DEBUG	Provider finished startup: PluginProvider
1520964083514	addons.manager	DEBUG	Completed startup sequence
[Child 5888, Chrome_ChildThread] WARNING: pipe error: 109: file z:/build/build/src/ipc/chromium/src/chrome/common/ipc_channel_win.cc, line 346
[Child 5888, Chrome_ChildThread] WARNING: pipe error: 109: file z:/build/build/src/ipc/chromium/src/chrome/common/ipc_channel_win.cc, line 346
1520964114330	addons.repository	DEBUG	No addons.json found.
1520964115013	addons.manager	DEBUG	Starting provider: PreviousExperimentProvider
1520964115013	addons.manager	DEBUG	Registering shutdown blocker for PreviousExperimentProvider
1520964115014	addons.manager	DEBUG	Provider finished startup: PreviousExperimentProvider
1520964116102	addons.xpi-utils	DEBUG	XPI Database saved, setting schema version preference to 23

	at org.openqa.selenium.firefox.internal.NewProfileExtensionConnection.start(NewProfileExtensionConnection.java:113)
	at org.openqa.selenium.firefox.FirefoxDriver.startClient(FirefoxDriver.java:271)
	at org.openqa.selenium.remote.RemoteWebDriver.<init>(RemoteWebDriver.java:119)
	at org.openqa.selenium.firefox.FirefoxDriver.<init>(FirefoxDriver.java:216)
	at org.openqa.selenium.firefox.FirefoxDriver.<init>(FirefoxDriver.java:211)
	at org.openqa.selenium.firefox.FirefoxDriver.<init>(FirefoxDriver.java:128)
	at com.cucumber.framework.configuration.browser.FirefoxBrowser.getFirefoxDriver(FirefoxBrowser.java:39)
	at com.cucumber.framework.helper.InitializeWebDrive.standAloneStepUp(InitializeWebDrive.java:55)
	at com.cucumber.framework.helper.InitializeWebDrive.setUpDriver(InitializeWebDrive.java:146)
	at com.cucumber.framework.helper.InitializeWebDrive.beforeFirefox(InitializeWebDrive.java:111)
	at sun.reflect.NativeMethodAccessorImpl.invoke0(Native Method)
	at sun.reflect.NativeMethodAccessorImpl.invoke(NativeMethodAccessorImpl.java:62)
	at sun.reflect.DelegatingMethodAccessorImpl.invoke(DelegatingMethodAccessorImpl.java:43)
	at java.lang.reflect.Method.invoke(Method.java:498)
	at cucumber.runtime.Utils$1.call(Utils.java:37)
	at cucumber.runtime.Timeout.timeout(Timeout.java:13)
	at cucumber.runtime.Utils.invoke(Utils.java:31)
	at cucumber.runtime.java.JavaHookDefinition.execute(JavaHookDefinition.java:60)
	at cucumber.runtime.Runtime.runHookIfTagsMatch(Runtime.java:223)
	at cucumber.runtime.Runtime.runHooks(Runtime.java:211)
	at cucumber.runtime.Runtime.runBeforeHooks(Runtime.java:201)
	at cucumber.runtime.model.CucumberScenario.run(CucumberScenario.java:40)
	at cucumber.runtime.model.CucumberFeature.run(CucumberFeature.java:165)
	at cucumber.api.testng.TestNGCucumberRunner.runCucumber(TestNGCucumberRunner.java:63)
	at cucumber.api.testng.AbstractTestNGCucumberTests.feature(AbstractTestNGCucumberTests.java:21)
	at sun.reflect.NativeMethodAccessorImpl.invoke0(Native Method)
	at sun.reflect.NativeMethodAccessorImpl.invoke(NativeMethodAccessorImpl.java:62)
	at sun.reflect.DelegatingMethodAccessorImpl.invoke(DelegatingMethodAccessorImpl.java:43)
	at java.lang.reflect.Method.invoke(Method.java:498)
	at org.testng.internal.MethodInvocationHelper.invokeMethod(MethodInvocationHelper.java:86)
	at org.testng.internal.Invoker.invokeMethod(Invoker.java:643)
	at org.testng.internal.Invoker.invokeTestMethod(Invoker.java:820)
	at org.testng.internal.Invoker.invokeTestMethods(Invoker.java:1128)
	at org.testng.internal.TestMethodWorker.invokeTestMethods(TestMethodWorker.java:129)
	at org.testng.internal.TestMethodWorker.run(TestMethodWorker.java:112)
	at org.testng.TestRunner.privateRun(TestRunner.java:782)
	at org.testng.TestRunner.run(TestRunner.java:632)
	at org.testng.SuiteRunner.runTest(SuiteRunner.java:366)
	at org.testng.SuiteRunner.runSequentially(SuiteRunner.java:361)
	at org.testng.SuiteRunner.privateRun(SuiteRunner.java:319)
	at org.testng.SuiteRunner.run(SuiteRunner.java:268)
	at org.testng.SuiteRunnerWorker.runSuite(SuiteRunnerWorker.java:52)
	at org.testng.SuiteRunnerWorker.run(SuiteRunnerWorker.java:86)
	at org.testng.TestNG.runSuitesSequentially(TestNG.java:1244)
	at org.testng.TestNG.runSuitesLocally(TestNG.java:1169)
	at org.testng.TestNG.run(TestNG.java:1064)
	at org.apache.maven.surefire.testng.TestNGExecutor.run(TestNGExecutor.java:281)
	at org.apache.maven.surefire.testng.TestNGXmlTestSuite.execute(TestNGXmlTestSuite.java:75)
	at org.apache.maven.surefire.testng.TestNGProvider.invoke(TestNGProvider.java:121)
	at org.apache.maven.surefire.booter.ForkedBooter.invokeProviderInSameClassLoader(ForkedBooter.java:290)
	at org.apache.maven.surefire.booter.ForkedBooter.runSuitesInProcess(ForkedBooter.java:242)
	at org.apache.maven.surefire.booter.ForkedBooter.main(ForkedBooter.java:121)
Starting ChromeDriver 2.22.397933 (1cab651507b88dec79b2b2a22d1943c01833cc1b) on port 47599
Only local connections are allowed.
]]></system-err>
  </testcase>
</testsuite>